3 221 234 255 
3 167 281 238 
3 168 36 219 
3 65 277 181 
3 34 224 201 
3 179 172 31 
3 99 39 264 
3 108 213 16 
3 54 128 115 
3 184 96 51 
3 216 29 250 
3 275 284 10 
3 110 40 98 
3 180 222 292 
3 87 102 289 
3 33 174 55 
3 41 28 266 
3 164 122 205 
3 116 64 67 
3 8 202 66 
3 88 244 182 
3 72 241 280 
3 4 14 78 
3 299 254 17 
3 286 217 192 
3 0 185 100 
3 80 214 265 
3 134 239 145 
3 7 204 142 
3 103 268 242 
3 296 157 152 
3 24 86 223 
3 212 26 112 
3 85 146 43 
3 249 282 104 
3 246 158 106 
3 210 82 252 
3 75 243 12 
3 62 121 176 
3 220 295 297 
3 161 3 141 
3 159 191 196 
3 294 236 155 
3 13 209 59 
3 162 253 215 
3 92 68 120 
3 148 258 251 
3 133 109 231 
3 203 50 288 
3 193 207 71 
3 127 298 30 
3 276 170 228 
3 58 117 186 
3 259 195 47 
3 136 27 126 
3 95 111 270 
3 137 61 154 
3 260 22 229 
3 150 11 46 
3 227 177 194 
3 56 163 279 
3 144 271 97 
3 107 197 37 
3 225 23 262 
3 218 269 143 
3 171 89 256 
3 263 114 135 
3 105 73 69 
3 187 160 123 
3 74 190 240 
3 38 237 178 
3 267 147 233 
3 261 140 9 
3 273 6 206 
3 125 76 293 
3 198 93 272 
3 18 90 1 
3 44 70 189 
3 19 42 52 
3 15 48 278 
3 290 235 153 
3 285 118 77 
3 60 283 49 
3 57 81 94 
3 200 25 84 
3 63 291 247 
3 113 83 211 
3 129 45 149 
3 166 119 173 
3 53 101 169 
3 232 199 175 
3 226 139 165 
3 79 287 132 
3 245 124 274 
3 91 131 257 
3 21 5 183 
3 32 138 208 
3 156 35 130 
3 230 248 2 
3 188 20 151 
