78 519 4618 2559 2576 9207 2429 5027 7810 7398 6493 166 9401 5996 4109 5205 8338 8521 4050 665 2245 2635 4806 8530 6705 5422 646 2817 8378 7216 6579 7805 523 5323 4634 9881 5256 5519 7689 3077 9150 5259 7538 8656 1125 4512 9086 4684 6001 7855 8531 827 6328 6878 848 8012 9857 5927 9036 8267 8684 9432 4519 4408 9427 2210 8168 2821 4522 6533 8674 4277 8690 1207 20 6997 4955 9536 8789 
75 6689 6695 4143 1353 3564 9698 3697 8484 6123 1630 1984 3196 892 245 4665 9628 1994 9769 4376 4297 7232 169 552 6871 6893 993 930 4130 8644 6757 3862 9226 2874 3561 3295 3070 4248 678 1767 1402 6629 1345 806 7076 701 7063 8013 3582 8002 1196 5795 4783 7845 6992 8639 9343 3814 4129 7681 3460 221 5806 1497 4841 9646 9850 3781 758 759 6458 5720 4319 8957 9472 3569 
75 606 5860 273 4346 1528 3239 554 19 5727 2641 4959 5112 1489 4833 697 8346 4064 8146 6425 5351 8034 9419 4986 9972 2386 2924 6163 485 4800 3851 4787 6437 1012 3963 1822 6366 5061 8166 5309 6556 2563 2719 3912 4619 5195 4740 9786 3401 9204 2699 9096 3834 4837 8005 8794 6592 228 2746 1507 1158 4896 2521 1403 2554 9371 7818 4393 9589 840 2862 391 1019 8582 6479 9476 
73 7499 4307 372 8559 6952 8213 2424 1605 4781 842 5060 6068 2626 9602 3462 9696 5566 6316 1491 2250 1222 6026 617 9475 8804 9195 9655 2108 4031 1896 4293 6905 6345 3761 8136 8261 3894 8649 6833 3053 8524 6996 545 9510 3916 4039 2267 520 5277 358 5438 2705 4721 4444 9931 4161 7369 8398 2252 1278 1288 6546 2185 5923 4185 6789 1210 4348 2659 8301 2508 8850 5672 
67 9888 9799 5716 741 9020 6780 8630 3294 109 7471 2784 3459 2681 3786 1527 7572 8637 7323 1386 6446 4318 2482 8597 64 9234 3622 7812 3421 9882 5302 6806 5523 3316 4044 8621 2189 1796 1567 3446 6030 9730 8896 7738 63 7254 9261 4271 5726 7981 4670 8802 5822 3415 1903 6496 6317 4729 4203 7281 4883 8654 1293 8375 5697 4186 3346 6111 
63 6916 5424 585 9626 8698 2603 1637 739 6457 9974 4170 4575 4794 5757 802 6842 9164 8042 2927 3636 1441 560 3770 7301 9496 5076 8109 2829 2513 7755 5999 4543 4518 4805 9224 3299 3568 7549 7418 3244 5966 1370 2403 5947 1270 7105 9905 4596 5283 3698 8145 4399 913 3369 1312 8607 7537 2090 8941 1547 5253 2169 142 
60 6663 4894 5341 3692 5881 8783 8262 4260 5744 6159 9320 5535 1200 3795 6742 8575 832 1902 4958 6971 8981 7873 9992 7407 2938 9983 7935 4440 9213 4890 7217 6552 53 7327 4870 2688 2988 3383 5119 5488 62 6934 2588 6440 6195 3275 7509 5942 6998 8232 1972 2073 757 1254 3724 4803 8710 4103 2658 8022 
62 4855 6115 55 583 4882 3410 5227 5808 4414 6924 5089 5554 419 956 119 3616 2600 1884 2304 4792 9408 3646 9526 3673 1810 3474 7865 7750 3573 740 6816 9774 997 385 3873 6754 8427 1828 7893 4816 3382 6254 6050 7473 5013 6508 1881 3683 2318 1133 6007 901 3871 56 5874 9717 7824 325 6748 3664 4374 4662 
59 3817 3555 7141 219 7849 2738 6329 5113 6747 1530 4910 6836 135 4703 7698 2799 8236 671 529 1152 8324 6374 2884 3133 9632 8533 9328 2841 2228 8428 4843 1834 3201 1850 3841 8763 7839 3336 5128 8196 2974 3668 404 9016 1798 8499 4458 8834 5407 4813 8089 2224 7424 8865 5476 6750 6288 9916 5244 
62 9409 3988 8675 4056 7140 3236 4428 4546 5510 2975 3129 9045 3875 2856 8796 1647 6196 3124 6956 4327 4699 2035 1179 6909 2846 7949 2909 3772 3182 5180 8591 433 4259 4535 2996 4452 8920 4478 2980 7925 1950 6395 1032 8985 7495 7827 4676 7955 9007 4180 3576 3734 6273 9936 1898 790 9937 472 9334 557 1038 6870 
59 9679 24 2020 6361 8787 7156 6199 5818 8979 3461 8462 975 9947 9951 3842 3370 6182 660 4541 5713 4617 2388 1532 3799 6987 2804 1255 6743 2400 8544 5249 4878 7531 6469 3707 6219 9969 6091 4917 2317 781 1063 4462 8577 8036 9808 2046 7412 491 4918 6088 8897 2238 8594 231 3458 8131 7441 2208 
59 3444 5769 7640 5902 7188 9820 8425 5948 5990 3067 7792 9012 9805 7602 3585 8219 3270 611 2900 4021 1631 9889 8560 5702 118 1197 2958 7967 8627 3606 6488 357 8993 663 5274 5183 1469 3878 5456 591 8461 8912 9032 9414 1039 7776 7481 2878 3626 1658 637 9 3522 2280 9811 2130 144 7795 7223 
54 5235 3103 7877 2313 3546 1170 9473 3951 9595 5006 248 6338 7172 6703 8112 8273 9035 826 3373 711 9950 7422 2179 3854 9368 7178 2390 1275 8169 8669 370 7974 5614 7890 9059 9982 3517 3933 9149 4037 4313 5673 7158 4908 3287 8152 6635 8327 5449 3110 2770 5629 939 1558 
58 3090 961 157 2278 394 6502 7287 4706 1635 7117 6296 4867 8434 7554 3565 3026 4101 3366 8695 374 3203 4247 7221 8746 4642 2 8916 2452 6926 8725 3212 5548 9348 3195 5568 4155 632 621 132 7022 9332 2369 8479 9005 2391 1419 9390 2170 3520 9014 1958 3335 4951 1082 9517 9796 1929 7049 
57 5086 541 3025 6900 6656 190 2536 4437 2711 7406 128 7236 6029 3885 3542 1557 4643 3958 159 2640 2395 3843 6179 9074 7542 7305 8547 4264 6415 7326 5565 72 1136 6590 9327 7541 6704 7838 6497 5200 2824 7526 3037 8942 4179 966 792 4795 2833 3378 7896 3093 980 8178 1510 9430 3618 
56 5324 9523 4495 113 7435 3596 8209 2963 661 7975 9944 2605 3058 2570 1465 9538 292 8118 403 5803 7837 1391 4866 3997 9724 4266 779 8268 366 5292 2956 2950 2789 5921 1265 2816 743 1971 4216 3658 5328 7593 9953 4484 3003 2671 8925 5413 8043 1454 6492 406 3857 3097 2273 5586 
59 2316 2912 61 9733 3249 5213 1593 945 3424 4661 7637 4225 8766 7442 1175 4007 5050 2160 1583 1101 8686 7564 4062 8871 2281 501 4893 9114 6939 3241 8025 4382 1072 7820 7598 851 1856 3670 1401 8474 3479 1483 38 5613 9203 7083 2307 6844 1425 9446 9876 5798 8980 4350 8185 9776 3032 1134 9326 
54 7040 8703 610 2828 9405 3148 6110 2520 9274 9078 3105 7567 5620 6739 2041 5642 896 704 4331 396 4776 7915 281 5301 3924 1123 6982 6436 6105 4323 7653 8317 983 1632 9344 3956 4598 6797 1244 7963 2067 4474 6390 3274 58 3931 2113 234 9560 5046 4160 4865 5538 3883 
55 8477 8406 5406 1447 3579 2357 4223 1030 5369 7465 4920 2992 2352 6398 3732 2434 2661 7118 244 5915 121 5569 5289 7594 1681 2218 6861 9988 9727 1291 7313 963 7486 521 2674 8084 7 8781 5974 2775 9243 480 3950 5209 7008 662 6944 8372 6585 7131 6271 136 5606 8377 4124 
50 8708 4637 9187 9166 1438 6658 3160 9412 9316 41 7580 4558 2235 2077 4585 9710 8555 9075 9222 8075 2043 890 4014 4916 6290 527 1870 4993 8628 841 500 5741 5585 2028 2328 5765 6723 123 7074 7740 4861 131 9781 9383 4451 2408 3064 9766 8350 1150 
52 7401 9283 1993 2531 7612 7320 2106 2143 2511 3403 9926 9680 5511 152 8854 1355 1509 178 8984 6930 7573 8928 9694 4343 1592 7791 5191 2159 7505 8569 2294 8003 94 2038 3806 6690 2363 1404 9217 429 8223 265 7905 1043 797 86 3518 2449 1653 7783 8171 3617 
52 117 1664 9291 7293 1784 1372 3208 5746 4935 2118 9297 5182 9450 7034 6814 8742 4300 9132 2095 193 7474 7045 7389 3556 6375 5389 5587 6858 7321 4804 8738 6906 2590 124 3725 9618 5266 6640 4922 9875 6770 6598 1669 927 4905 7138 4018 9577 4553 5415 5841 7404 
50 222 5304 4098 4873 5387 7704 2791 4233 6192 4980 7243 1580 3047 4544 4171 1886 1738 4045 7515 7724 1692 1598 9300 5305 2137 924 7237 2396 7177 1719 7608 4026 4847 2367 6671 3306 4253 960 2853 8046 8707 6334 8717 9637 6052 4296 2322 4013 2276 224 
48 7957 3281 2327 1407 817 8376 1674 530 1223 9104 9871 7883 5187 3993 9546 9604 2314 3155 9388 8491 7231 5411 6779 6712 5308 7018 9212 3331 3920 9853 5149 7480 5315 9115 8712 2188 5037 5399 7603 5735 8371 4531 9241 6364 59 7111 3402 2117 
46 3855 1888 1815 6139 1609 6558 5466 6307 6711 3602 9795 7685 3112 5766 1250 177 9133 1458 9980 1470 953 5026 618 3416 4217 4970 8360 9416 7995 4849 7545 4081 44 3309 7257 7821 8222 7611 5368 7834 7311 9545 170 5944 1948 8069 
49 423 5598 3667 5218 2942 8435 9666 8328 3411 7312 8093 3420 4587 6216 9842 9265 5951 5160 5009 1348 9208 7900 7384 8212 3115 2960 7402 1450 9870 7447 9009 3823 4719 3087 7199 407 3423 2704 6828 1662 6986 8488 8648 1826 7002 3069 3286 2055 2813 
49 3549 8962 8420 3049 3575 9128 9691 5214 2973 9254 1201 8368 1079 2930 2076 2505 7081 5879 7339 2607 2601 7566 4682 7819 809 9902 7417 7976 6347 9825 4889 1807 9468 1577 725 9069 5515 2643 7869 5311 9196 8138 2138 2286 5592 8163 3386 6494 8217 
46 4758 8395 6767 8149 9406 9685 3170 6450 2425 4016 8791 7492 4764 2044 3451 7907 5033 3314 7726 6253 5473 2945 8775 728 1266 4874 4801 3000 868 2493 6500 4178 7144 8655 6341 6872 4791 3128 667 4731 6434 6073 8123 5273 6453 5173 
47 5934 2008 8271 7687 7129 7451 9087 608 6360 6749 4613 9171 3190 8228 4798 4552 8164 9720 8603 7120 2375 692 9292 6574 9237 6504 4681 6528 6827 2183 6568 9932 3357 642 7159 5555 650 4041 1120 7026 4927 6266 5854 295 5398 3380 8700 
45 2061 2941 6418 6485 4583 7116 6851 8574 1276 3108 5240 8079 6034 2613 709 2045 3896 4046 5534 1748 2863 7620 2837 6655 4067 1740 5175 2687 2239 2149 5938 6071 9715 2446 5814 60 791 2914 5077 635 4909 8898 4047 8543 5543 
46 769 445 6843 3276 7180 4885 9306 6455 4673 3938 8772 3807 7208 9033 91 4888 7604 1220 1248 463 1840 8688 9884 4487 7024 1145 4902 4739 9425 5863 5468 7128 721 6383 8983 3604 7803 1952 6876 3224 7391 1841 5939 1418 181 8054 
46 6831 3743 5402 3918 4693 7104 1100 1121 7574 7874 5719 1684 9610 1324 6719 1862 459 8645 2065 8159 9000 3436 3948 8692 3139 4316 7454 1989 2662 577 8392 5319 6551 5079 5641 6097 9260 9690 7977 2253 4424 8939 5408 1226 8874 6467 
44 1867 9979 3168 8557 2079 4200 9813 3866 5699 6352 9511 6652 6809 5170 3623 7562 1589 3509 8511 4038 8470 9955 6505 6829 6777 3353 1017 2459 6837 3815 7067 5028 479 4434 5131 5251 7269 7814 729 9311 5179 9354 1212 9329 
46 9325 5381 1227 658 7889 2838 3976 9965 8382 2305 1272 381 92 4555 7256 1062 5526 6067 4564 5040 2621 3501 3123 8961 2062 3010 4276 253 8439 7396 4023 2650 1157 9794 7348 299 3995 349 6057 8091 9215 1290 3514 616 626 4243 
45 2735 2986 9670 1883 9137 328 6741 3073 7870 8059 3663 9981 3364 1985 7715 4714 7508 7920 2383 1980 4457 6609 9185 4369 4694 6286 2030 1678 6651 9995 5989 3716 3175 8515 1336 9956 5065 3080 9095 8308 1823 343 2818 1410 9573 
45 5300 4842 8587 6404 699 7082 4194 3541 4153 3554 6771 1106 9923 6213 1109 8869 5356 1417 6103 793 6138 6047 6083 3913 2700 7723 4674 4526 6400 6370 3706 925 4627 3876 1366 705 2628 6693 3035 6246 587 3984 1718 3880 6185 
44 6277 6649 1332 696 2899 3024 9282 3263 2399 5303 4396 751 5853 6422 4195 9228 7894 4566 2479 4357 8400 9643 22 2190 8442 5271 3908 7616 1578 858 8744 9551 3348 9590 7539 7349 2764 937 7748 4641 3185 6919 5723 4538 
43 920 1735 2507 477 5393 2293 3317 655 4250 6438 7211 531 6570 9177 514 9248 6156 897 5329 6619 4562 5715 6171 3406 3352 1053 27 7652 4933 3153 6835 8818 4534 6401 6209 4383 9169 8429 8396 9918 5631 1006 2163 
43 3307 297 4066 8736 627 3891 2455 7666 1503 6764 4035 2585 2187 1523 1620 3895 3584 4085 2309 3339 2268 8811 6854 7405 154 309 7752 3713 903 4999 2723 9008 8144 9309 5269 6045 5388 6664 4695 263 8480 7093 3259 
43 4742 9581 6269 2233 2714 3572 277 2904 989 5477 7382 9182 1686 3418 7169 8062 2906 544 862 9968 7266 5023 1714 4789 3674 3391 6033 2010 9522 5594 7264 6330 3100 452 9746 955 8589 4197 749 8106 6507 8210 6439 
42 9675 489 7064 9347 7357 5189 7249 9640 596 9018 9202 5866 8101 9272 1048 9611 7414 3127 4711 9722 6682 7552 2892 3961 5522 6079 8709 4827 9173 9063 4422 5276 6358 2458 5204 4305 7303 3858 910 1247 6260 4891 
43 6807 3457 7709 8302 5487 6804 4502 5212 172 9620 3879 7548 7278 4497 2260 1429 8691 8446 8963 5442 3251 5600 4919 2398 3628 9597 6532 2158 681 8315 4943 1172 8924 3872 7039 7489 6943 5434 3860 8098 5029 3969 4268 
43 7070 8840 1724 1838 9052 9768 3601 5636 615 6818 3906 6305 1263 1494 2810 508 7691 6838 5163 9994 2341 1501 4903 8250 8076 7124 7400 2199 7670 6524 8455 5145 9942 5972 3260 8096 3923 3780 4897 4790 5125 7825 7058 
41 2720 8728 1794 7993 8699 206 482 3921 4869 8128 3477 1968 1644 7197 7207 280 3285 9778 4688 8833 2039 534 8567 7302 5905 6227 7185 8255 2562 8467 9887 1617 7950 9168 3238 6968 9938 1306 3562 8921 2627 
42 6198 9411 2296 3197 2748 7428 7648 439 6856 2442 6638 9429 2404 649 5514 1799 4550 83 9023 3141 6733 8855 3511 1974 8347 1851 1505 158 8604 2058 6194 68 7469 9568 9971 401 7568 7772 3218 4725 8154 3985 
40 5885 8342 4536 8932 9452 8203 2657 1830 9654 2140 4372 5082 8243 9641 4498 3498 8826 3967 6799 6970 6486 6025 2560 968 6162 2222 2022 9308 1607 8899 2339 1279 3002 8216 9494 1892 2227 4338 6221 7937 
41 8329 3471 7911 7028 8713 6786 7372 4285 5892 8681 2741 8882 7746 6587 9566 7822 5372 4086 6292 3065 4075 5956 6763 104 5490 9959 7868 3467 5940 1122 4466 4760 6702 1698 6685 8735 431 9753 1001 3021 2225 
40 3167 29 6189 4208 6752 9806 6718 4410 1963 100 8403 7745 6082 3648 5567 3710 8134 8807 1328 9498 4190 1116 1901 2365 5607 5448 8443 4737 3803 522 7055 7617 4418 8282 7166 3838 7586 4156 638 7173 
40 4071 8179 7455 3826 8449 4164 9144 8823 2497 1667 9832 1232 2665 2753 821 4206 8103 215 1907 112 909 7939 449 8060 3777 7961 878 6623 5755 5800 9426 145 3886 623 7073 3836 3400 5666 9638 4592 
40 1005 7318 6654 5358 5034 3329 5025 3083 8868 9190 102 7276 1081 1110 3946 9667 8926 4096 639 1031 8049 149 1463 7107 8280 1673 917 5418 7308 3033 4860 2604 3983 9797 2623 8211 4606 9227 5501 7472 
41 375 6160 6529 3640 5856 3865 1054 8285 6392 9116 6584 2771 2394 9101 3258 1069 9420 4667 3610 6234 3009 1357 6707 5367 1449 7449 7517 2803 8634 5588 8269 4283 8386 8696 3349 6715 8363 321 7133 6613 5108 
38 9514 7799 7864 5743 8629 6168 8351 4246 417 9492 8831 85 7043 2072 1643 4784 4456 6642 8960 283 9250 7886 1750 4102 3538 8318 7470 6166 8677 6394 1801 9703 1938 302 5455 8044 7161 8147 
38 5445 6456 3333 4387 9544 6164 8198 5663 3114 2207 907 8617 4969 3691 2766 8125 4515 5353 8140 5102 8779 6734 3545 9605 9802 9695 5528 9088 7170 6193 5242 7964 9793 7215 8008 8087 4987 2897 
38 4059 5161 567 5875 1852 4196 6265 5888 266 7922 9537 9165 2377 6593 7493 1924 1911 399 6772 8415 9269 8362 1696 7238 3059 2932 9125 1070 5246 4702 2361 1809 316 3712 9635 3994 1569 6063 
39 6815 4687 1879 1013 5698 3821 69 7683 5779 3038 2105 9846 6283 7103 9701 857 8450 1420 8291 3893 7914 184 6490 4501 3639 1498 8977 1091 6890 6796 8100 111 296 3652 7151 7985 6257 8847 8556 
38 2869 9901 1414 6849 3384 2401 4299 2261 922 4749 6639 546 9027 8033 8494 3308 2636 8545 232 512 4597 6811 7012 2085 5111 838 1099 3456 6489 8364 9340 1234 4445 9650 3107 5790 5225 3313 
40 3371 7229 9046 9852 4455 8832 8157 1550 4137 7092 2696 9684 2667 4879 4653 130 2622 6857 6920 7091 4978 4454 9506 5007 335 4524 6144 1103 4215 8208 4509 6933 5667 1731 2421 1488 7335 7766 1139 3204 
37 7929 6424 8489 8020 3029 9469 9633 6069 5627 3057 9678 4966 8970 2292 9370 1392 9219 689 2153 2325 3495 7292 7377 8234 5807 1107 5321 9719 4633 1202 3095 8647 679 5318 5848 2755 1300 
39 2917 4788 3527 5237 8370 9559 3605 3319 4291 9134 9570 6476 4895 9823 8814 3328 2614 2205 7781 3045 6776 2274 4732 1711 7258 192 270 8256 5337 4391 2734 8369 2211 6993 5057 6853 3589 3289 4120 
36 2883 1866 8029 5359 2422 5507 6710 5783 7246 8951 2802 659 1117 8416 5768 2526 274 958 2644 619 3960 331 5355 6632 237 9126 9443 3744 5096 5846 5591 2786 7123 2243 4750 2586 
39 1776 4586 3245 1773 8277 4630 5777 8856 5539 5263 4607 8737 1455 7984 6379 8502 3672 9022 5911 2854 5552 801 4517 6675 5270 5832 4581 2146 5691 7300 1173 7938 469 2606 9369 1677 5857 5665 1343 
38 3149 8520 8086 2006 3849 5748 9705 2639 2952 8642 300 5100 1309 52 5901 7006 6888 9783 1988 4912 5421 5681 5524 7721 4513 8457 5297 5924 4545 9759 9280 900 1581 2152 1614 8884 3812 2848 
37 4058 8564 1492 2512 6206 1218 2537 8085 5656 1733 9276 2362 5310 1257 7145 1774 6713 9490 2213 276 6608 213 941 9565 3801 3187 6236 597 562 5148 7350 7702 4446 5547 7641 3631 8618 
38 6381 6044 9935 4537 7677 8040 9562 1863 6985 6280 3326 4227 2558 9837 5462 6963 2438 683 2437 3399 1743 1165 4631 7656 7550 3217 3695 4707 4574 2114 197 2598 6973 9782 566 3408 1020 5504 
37 88 6633 1228 7553 2957 3991 95 3783 3789 7901 3290 4398 3798 516 6140 4669 9247 9816 733 771 6923 3483 4187 7294 9285 7332 891 7213 2490 5685 1680 7991 2880 4332 8527 2691 4622 
37 6961 6965 4984 2788 2335 1010 3816 483 1627 7253 7041 9962 7829 716 6800 9141 7148 2859 9917 8539 3242 4289 4960 2616 2800 6599 1793 2625 9922 2161 436 3126 3665 818 1261 976 5953 
35 9305 268 7198 1251 7631 9830 1729 1910 5228 6407 175 5792 5074 1389 6519 9085 9142 3473 2068 682 7982 7299 3144 4755 7084 236 6011 1825 4315 9486 6981 6433 8517 4292 2597 
36 1833 5222 3005 7846 5049 502 5957 1460 2180 6643 1511 3785 5564 2397 6443 8764 6423 2955 7708 9704 250 735 5165 9201 653 373 1928 4504 7283 8183 7717 8613 6881 5508 710 5370 
34 6466 2774 1384 7230 2928 3188 6186 2967 5453 853 1182 886 4871 30 2272 6036 5073 9671 2947 1932 9181 7932 3198 7596 6732 8066 5791 7251 1728 7035 1576 794 9532 8535 
36 1273 580 7114 8055 513 2539 5120 6498 8955 2776 1453 8485 4775 387 9934 3977 2024 5216 4663 6332 9111 7155 6660 6549 6586 573 8635 5869 5429 7087 4723 7001 5458 2441 2530 7252 
35 4601 8509 2324 2538 9191 326 8419 32 6048 6896 6784 3793 8296 2898 8988 4330 1337 3150 3262 5984 3332 4650 7910 7780 4131 7694 9521 1812 8174 1147 9387 8519 1055 3588 8120 
35 1066 5971 8158 5710 4421 6942 3666 5107 7692 8116 9948 6367 4211 8901 7341 3340 37 1154 1926 2834 1011 7272 6691 6310 3226 3240 3040 6136 2219 7163 12 2200 6210 675 5859 
35 4150 6694 6135 9246 3989 3830 1997 9557 2999 2033 9466 691 4989 9106 319 1800 9378 2861 6714 1057 9725 6215 496 4342 765 6017 4864 7696 2985 540 9749 1951 3892 4145 1378 
33 4525 957 3540 2915 9874 9757 4028 5267 2831 4696 9812 4105 2264 6839 2151 5958 4881 5575 50 8697 1151 8465 4110 3800 3882 8908 8572 8320 1084 2312 8001 8337 9380 
35 7861 9216 1406 8323 5890 720 9485 1792 8768 6024 2385 6737 7764 1638 8911 8872 3011 6975 5675 5419 6990 4771 4954 6095 6781 5784 5560 5162 5435 4257 7831 7112 5280 2724 9970 
34 9140 7186 9402 5654 7638 8915 4115 6538 2919 4034 7445 7271 8026 1656 7547 8074 4660 877 5525 359 478 5110 5275 5843 1445 526 9622 7214 7374 5150 4962 9558 9906 2544 
34 2519 7088 1113 200 2566 1233 9634 8989 225 5695 7315 934 9482 6223 724 2501 2990 8361 7098 4036 2336 4222 4923 8733 1675 9502 9200 9223 2583 70 796 1887 6342 3619 
32 1138 3008 1323 2436 965 9286 4782 7190 7785 9242 4356 9424 9859 3757 3174 1534 537 731 7385 1611 7060 5936 8769 4229 4589 1467 2193 1966 1909 2618 3043 3528 
33 1097 5343 9649 5500 8224 290 6356 4139 5043 3062 3930 833 8148 1612 6730 6167 8997 3130 5722 9866 1621 1434 1917 6040 3189 755 8683 5395 3987 3543 7758 9172 3643 
33 5018 6607 7020 6304 8309 6012 7787 3701 9375 2355 3247 9612 5101 6641 5042 2506 103 8863 8680 7345 1687 8643 1540 860 7660 4392 5922 4308 3172 9396 2410 3929 247 
34 6228 6662 7512 1697 4154 6000 9477 8367 7777 7761 715 2174 3450 1897 151 1783 3266 5068 6027 5906 2895 3164 9066 6867 971 1184 8919 602 3677 2456 6242 2845 5571 9915 
33 9003 8189 8024 8548 8835 2934 5503 3493 5838 3261 5824 5709 5188 4263 2959 386 214 786 1164 2965 9122 7030 5403 3192 7559 1848 3627 6950 5817 2814 3559 9131 4846 
33 5335 4475 1860 8715 5771 2440 8682 241 1349 7411 9440 8638 7857 8225 4055 4312 9480 3152 1502 1373 7360 8117 7765 5056 3932 2460 7395 5731 7409 6258 906 5063 3120 
33 2465 6794 8586 7224 7086 98 1601 8504 46 9809 2515 4853 2248 5039 695 405 4237 1999 9683 8039 162 1916 2201 6084 2962 3486 810 2259 2157 7751 4057 6016 2664 
33 1209 8204 5491 8426 4848 8816 6454 2464 8030 4400 3165 5835 9623 2241 2808 7220 1516 3484 3521 824 4514 2617 2575 8756 1517 99 8352 2103 5659 8541 3656 4091 7986 
32 7952 3030 1024 4635 7255 6474 2409 9617 7730 9975 4347 8316 4104 6605 1029 9554 4567 7354 6429 3897 9315 9310 3581 1127 4508 7530 3529 6151 8463 795 8414 9117 
32 4839 6913 5572 7927 1908 3915 9872 6270 7171 3532 2054 7370 7987 7502 1395 3351 414 3437 5611 6299 9093 5643 1076 3162 4780 3140 8090 5443 7289 5390 9281 7036 
31 672 7711 9996 874 565 3966 2997 1294 3513 1521 2547 777 255 6908 4459 1340 5360 6636 2752 7306 3109 3048 1242 2301 5051 5964 6461 2221 778 465 7533 
31 8175 4877 7210 9255 9382 9657 6357 6967 1846 1595 7592 536 133 3186 6862 8129 5728 3577 9188 503 6937 4609 8706 8423 49 8130 4242 2847 1758 9673 8122 
31 1305 1978 8739 3068 6922 846 5291 8176 5701 6659 1330 7654 9015 3267 4489 7860 7583 3283 8930 4738 9455 460 2223 7484 2145 5239 9499 1230 6721 5020 4929 
31 734 2589 1734 1588 150 782 4957 6648 2745 9539 9077 6885 3075 3574 9767 256 7582 7832 7371 4946 4708 9415 4402 1185 1552 9773 4886 1544 4568 7115 3825 
32 1040 5615 1090 4184 6255 3199 3220 572 1256 4213 6882 3874 893 7004 5880 1761 4188 6803 1965 2420 8966 2387 4304 6100 2807 1374 4769 383 7906 8612 1805 737 
32 622 3655 2123 271 9631 9575 2731 6969 8151 7456 3621 1045 8186 6708 8974 4547 7137 6289 6126 2419 2029 2427 5775 8132 5657 5252 7618 2321 7649 5876 3279 9677 
31 5970 3409 8021 8573 7876 7737 761 7856 9900 8542 4449 3372 2737 9941 3808 5558 1782 2873 4201 6841 8558 7774 2692 1549 7888 5460 8 3500 1701 8331 1646 
30 7965 9090 8774 1955 839 1873 9681 4786 2979 9288 1790 4734 4499 4809 1050 260 2256 5696 1361 3497 2891 4814 4743 308 3819 2423 9993 3535 1003 7700 
30 677 1512 2426 9627 718 640 9712 7912 4384 1412 3499 9584 4394 8383 2175 9571 4982 1224 9591 8305 8287 1360 834 7423 4463 1095 5647 2864 7527 8870 
30 6706 2944 6875 9487 4020 7628 7245 775 1859 4907 1584 395 4219 5929 2231 2632 9233 7032 4334 3355 9279 468 7261 3727 3971 5596 9818 392 1304 8019 
30 6002 3651 2230 7430 7226 2181 4880 8761 969 2206 2901 3443 4002 4591 8242 4578 676 7921 7695 5397 8497 9525 5129 9013 8910 8452 7565 5265 1559 9304 
30 5497 8458 1689 3947 1260 5234 5601 4593 2360 4278 6865 2910 202 7440 9709 6414 5220 6758 2047 4118 7336 4797 1437 7540 8321 6177 9747 5855 5865 590 
30 7475 2166 9851 9543 1240 2787 6601 2732 3098 3657 3859 8883 5155 2109 3078 9651 4571 1548 2226 9107 9603 1161 9339 390 8861 9792 9940 398 7460 7467 
29 4309 3257 4112 1804 8133 3414 5751 7636 1211 3909 2040 4685 1876 304 1668 186 7099 1596 2542 3096 7639 9271 2080 9771 8313 1141 3255 9860 8947 
30 2432 6724 4648 6951 4875 1508 8187 5584 4664 7769 4113 275 5278 9110 1387 7260 3397 2545 8045 5261 1205 1608 3302 4132 5867 1619 4267 5494 9827 6350 
30 2920 3693 3910 1640 1723 3036 5799 4930 4756 1943 8401 3231 4125 3470 6522 3763 2785 703 2295 2860 4306 5797 5871 5521 7052 1148 6080 6931 8740 1722 
28 8518 5245 8786 8536 2916 2059 3784 9731 8631 7361 1203 7796 1720 6785 6008 195 1650 7439 337 5177 9417 182 410 4728 6959 5474 9097 2271 
30 4094 3990 6155 8784 8991 982 422 8806 1168 7569 9073 2086 1771 282 6774 547 6697 9386 1996 551 5038 5142 9873 4083 3715 7219 430 7714 2049 9770 
29 6263 8102 8274 6420 4003 9527 9262 629 7576 8312 9734 4378 4290 2244 4521 6174 2150 7887 4425 7514 5454 8894 1482 4324 107 5058 8770 5682 9990 
27 713 3311 9556 5285 950 2663 7732 7282 6094 6386 2089 7587 9716 4460 3982 185 1329 5826 3678 2182 9391 783 6534 1191 4273 6650 8453 
28 6822 789 2198 6413 9345 475 5409 6491 4677 1188 9240 754 8177 6778 8513 7543 8889 6666 3726 2638 413 2014 4610 4354 6147 4683 5988 4042 
29 8731 7119 9503 3717 830 6119 1215 6589 461 599 4282 5041 2051 5529 6205 7619 6738 1890 8754 4576 5015 7204 7307 7606 3417 4778 1931 9374 994 
27 187 1269 7314 9549 506 986 9564 8300 9516 2393 7866 7462 3902 5512 1827 7969 1183 3151 3089 3094 9777 4303 4189 5055 7017 6595 2203 
28 9313 6150 3779 1500 3615 7209 2673 2275 7770 7712 3846 3753 9136 6846 8381 2494 2733 9855 9352 7225 3084 307 6373 4126 2610 7881 2134 7375 
28 6901 7329 7768 4686 9002 5428 7135 6188 6746 5725 5692 6810 279 5986 5093 4234 7571 9342 1574 466 4288 2450 6941 5718 2457 5714 3480 8552 
28 3055 5858 5517 3544 3191 4652 1331 9458 4270 1193 1603 912 3377 2756 6308 139 8776 9235 931 8853 6673 9692 341 4697 9259 2019 4158 811 
29 549 8459 3092 1843 6903 5069 7759 8990 949 8664 7222 2319 1624 6187 9331 9318 4831 7852 1243 7089 411 5075 1600 5224 7154 9277 3586 2840 7393 
27 9752 726 6756 9105 5054 5135 6346 8860 4397 1198 5527 11 278 6604 1824 9017 2471 1829 6957 2743 6275 7044 9210 845 9614 9736 5293 
27 5192 1651 2642 6021 895 3435 2578 5899 7817 4892 9800 4106 1217 261 6149 1068 8907 1405 3183 5609 8685 2013 7184 9198 3012 8057 9176 
28 4214 8290 7248 7085 9314 8445 4099 6237 5452 2023 2141 670 4692 1832 1857 974 6667 954 6233 4488 9841 4616 6700 371 1961 8424 6113 3737 
27 2571 1194 8554 4602 1245 1352 2652 147 6915 9001 490 3907 6339 9080 5849 5789 2303 5574 7841 915 5264 4269 8636 5896 4490 4716 6170 
27 4008 902 1995 3200 9524 8155 4485 4477 2875 3425 4821 6726 6326 859 8873 8887 5427 5199 9365 747 2266 2689 5581 2794 7356 327 2509 
28 700 9463 1869 1518 164 7840 7665 9928 8058 3157 586 3269 1075 4429 8283 4360 2871 5333 3769 8408 8765 6448 7946 2843 8482 5931 3723 4241 
27 8310 8848 7546 4826 5012 1693 5375 5193 5550 4921 8293 3661 4979 7944 8252 6628 2655 4448 9662 3720 2798 6107 3762 8404 9214 9829 1318 
27 3607 6877 9267 9890 2036 2060 1587 4503 8956 509 7998 5247 8748 8593 9886 1941 4336 3587 1648 885 4726 8501 8602 4079 1327 4133 8113 
26 6541 6884 6669 4807 7434 6261 1745 8220 7234 365 8799 2713 5992 3016 8438 4053 3888 3884 9491 2574 6285 1585 443 8137 1137 464 
27 5440 3758 1363 1986 2577 992 4605 4724 1912 1008 2104 5464 9113 3233 7605 3214 8972 8734 5774 345 6701 314 1295 9025 4311 8862 4432 
27 9619 7891 3066 7690 3054 8037 9263 8486 1104 2468 7205 7507 5233 4359 2485 2012 7378 6918 5781 4287 1739 7268 8877 8385 1573 6795 5174 
27 9976 4511 3368 5712 3583 2781 3775 9357 5770 3765 7624 338 575 5778 3379 2708 2868 9174 4480 246 8454 4226 598 4904 4911 6127 5230 
26 3629 8104 1564 5602 7494 942 120 8800 3085 6211 4718 2595 77 6204 1171 3361 5706 1616 6852 1575 8092 9154 1536 4649 7011 5646 
26 7429 3138 481 6128 4938 5036 2126 2675 1872 1539 612 3 2129 9877 5870 114 8052 3440 7126 7324 3922 4077 7951 1865 424 998 
26 7463 6740 5425 3375 6523 6272 2320 458 1271 4856 3645 5364 9183 8842 2757 3684 7851 6092 8880 4375 7202 317 82 6087 4799 1602 
26 7561 315 2780 5686 6141 66 3482 3099 4236 1960 2498 7394 1065 1920 4097 6077 9323 574 2727 4183 5935 3942 6148 5436 1962 1923 
27 6783 2026 730 1904 8795 9209 7916 5014 4638 9319 3463 4033 1471 2634 3553 96 7578 3318 3831 3944 8626 7664 3797 4996 4 9700 6191 
26 9847 9920 5282 210 1913 9127 444 4491 1531 9298 4533 4590 453 125 5963 5196 2232 6553 6428 2725 2094 2594 9120 9461 7410 5471 
25 4377 400 442 4088 2333 9118 8938 3839 9844 2366 9006 5172 4368 1382 6175 6385 5677 9529 8723 5121 8507 4149 4295 7789 2983 
26 6670 8566 409 5626 5678 2217 7595 3675 4163 8193 9479 122 8817 8068 7419 6709 3385 7970 8751 7054 6153 8849 5760 2289 7731 3478 
26 1757 864 5541 6058 2982 9037 7642 6081 1338 8444 7149 4582 2994 9162 5655 6637 2081 625 2707 7317 746 6573 2961 3863 6603 1359 
25 2247 1625 3354 57 9064 9410 1169 7274 2989 6451 6064 7529 8673 3939 4754 2971 2579 1571 7485 7959 1683 3046 7943 2964 7601 
25 7657 6735 5090 6984 6023 8190 4089 2568 15 3039 9407 1953 5729 2712 9312 110 6109 6022 644 5459 421 5978 8265 7459 1705 
25 8292 9985 2881 4409 7364 5576 462 2972 2417 6406 8067 1314 3756 2522 7333 5114 7029 3243 5410 899 3671 1287 9317 3347 6152 
25 1335 3176 6202 4733 1634 8876 7941 9028 9438 5708 1317 9706 6137 1493 8583 451 5115 5144 630 2165 3787 5545 3591 3975 2922 
26 9707 7585 3490 9353 9743 8671 6698 1937 8500 6120 9330 5694 6442 6483 5796 1124 6388 603 6487 5447 7079 5499 1052 5446 1472 3850 
25 1560 7319 6003 951 2686 7162 7344 1302 5123 5670 3999 732 6061 7958 7728 1730 2066 981 5423 9434 3422 6955 4506 1088 8718 
25 5717 2742 199 9625 8421 1762 3524 3901 9789 4654 543 239 7734 8390 6055 8496 2701 5873 9404 4859 8205 7863 3405 2839 1009 
24 5299 8447 168 5668 146 5724 3531 3228 5700 5208 4851 4407 7646 5882 3412 570 2195 8611 4928 8797 4540 7719 3690 8226 
25 1315 3104 4815 1777 4914 595 9070 1476 7843 1461 5133 6444 3979 7966 7322 9531 5194 87 2392 9145 8142 3327 4049 3679 6559 
25 3580 6004 7446 4658 3721 3102 9963 9729 355 9155 3877 4549 9091 8015 6471 6791 7908 1691 1506 5750 8195 5362 8078 4177 3749 
25 9393 2523 825 3840 9738 7479 6716 1725 7167 4690 1756 3392 4430 1885 7674 160 1268 5085 6731 1128 3681 8279 1522 3928 2926 
23 3156 8073 780 1797 8191 1746 3974 7366 7525 8646 4093 3832 2943 7072 8668 8388 7644 6183 4995 6979 7968 9721 7713 
24 2949 6239 6473 330 3802 6805 6243 3782 3121 9879 6122 2414 8495 7160 3344 6295 5740 6826 3106 5044 5937 3853 4281 3755 
25 303 9495 1655 6503 8937 5837 7729 1259 1639 7647 7645 8750 7353 9616 3452 5595 5916 5752 51 1665 8724 2679 9669 1939 4479 
24 2135 6053 2518 7337 823 7263 6359 1297 2234 2034 3847 6043 5943 9350 7675 8041 8472 5965 4413 7669 1514 6294 805 1204 
24 1543 8978 1221 4657 753 1369 5045 2842 9441 3454 4443 5002 7179 814 8399 2101 6766 932 3254 2905 6782 5312 6819 1439 
24 3442 3773 4349 511 4615 9394 7466 1752 8550 8540 7007 8841 5217 8050 4822 5153 5030 5127 7885 108 4554 5376 7182 707 
22 4078 8892 6409 3051 3215 9964 2164 1466 6821 6353 9355 4218 8676 4389 9892 9041 9197 6343 7297 1195 9834 6405 
23 8950 4084 8464 2651 1281 8973 7532 4689 7806 3925 5016 3962 8258 525 505 4527 8714 9373 3250 1452 6118 2540 5819 
23 9563 8792 448 4141 7847 8094 1700 2921 4114 6235 9139 863 2186 5645 2489 8466 919 4010 2888 3041 1570 8808 3719 
23 7928 3430 2783 5156 3818 9858 294 2648 1934 5804 6863 4632 9218 2646 9437 9728 9094 6411 7343 3113 6978 7733 3284 
23 3869 5721 933 6615 3194 1443 3465 2374 4453 7701 238 171 9400 5605 6351 2569 7421 2349 6421 5623 9909 4040 1093 
23 6412 1142 5816 2000 7096 3746 4623 6106 8918 6728 1468 6130 8336 3342 4238 6646 5788 7338 2064 6991 7042 298 8490 
24 8640 6410 6475 5352 9761 1189 106 7415 4019 9785 3449 9428 2611 4560 4765 5759 426 6760 5290 2976 8487 9711 8701 8374 
23 1515 4624 3050 2323 6313 1436 1716 8952 8105 5385 1277 9629 9665 7973 4975 2953 2472 7597 5845 2287 9004 2609 2819 
23 84 3510 1628 3537 5628 4858 1710 4111 4539 2580 4746 2348 972 8905 2533 3996 2624 5617 5439 9454 447 6060 4069 
23 3253 1524 2216 7710 6336 7808 40 865 4426 7262 1310 9193 4076 2728 9108 1440 4151 9854 7416 3184 3687 8959 1562 
23 768 3396 4404 849 6927 1311 7697 6808 6696 8705 5243 2358 9957 7175 2484 3998 3653 5928 4700 9061 6569 5900 6518 
22 8758 284 2382 8259 9742 2453 1820 4981 1591 1236 9470 4745 668 3943 9893 6049 140 1398 1837 5616 6917 722 
23 4090 209 8614 4940 5366 4441 138 2835 4486 7570 3489 7331 7388 3662 1704 3934 8333 2925 9668 5342 8311 6241 2773 
22 2356 493 4202 9130 4017 115 2885 1292 6775 6240 5537 9442 9572 2097 3132 9098 7544 4994 5833 4741 5047 3264 
22 1992 8440 5347 4029 7477 553 3466 6391 4473 4770 4032 5739 1375 8592 3937 6419 6468 9266 5202 2656 962 2032 
22 5693 8902 4207 4656 6380 5279 8266 1264 8551 5122 5862 5852 2102 2672 4192 5081 8456 2827 5011 9123 5361 3620 
21 9449 4666 6526 5241 7693 2948 8760 2078 434 7016 28 8528 3506 1661 6472 555 3914 4785 535 8083 1456 
22 5868 457 1252 645 2797 3981 5619 1981 8289 1130 999 1622 2282 6555 9904 7431 3464 3978 8858 2492 6994 3229 
22 7956 6765 4705 9457 3117 353 6161 9838 1967 5981 6176 855 2555 8852 7027 8658 5207 2886 1479 5661 4320 5334 
22 474 5540 2167 6402 7191 7187 352 484 8650 6542 3747 7797 420 8771 8537 8514 7739 6368 5839 5232 6 8430 
21 4494 3426 7867 354 3970 3434 2467 4167 9361 800 5167 8143 8812 7003 5231 2779 9439 9296 2683 4140 8641 
22 4435 4255 497 1496 8595 7066 3305 5878 8366 9358 3101 9835 2584 6510 5286 5884 1044 204 7880 3310 6465 1652 
23 9084 1421 8803 2937 8523 1768 3754 2052 8741 7021 1982 2279 227 6938 5987 2168 882 3745 5894 1301 7496 1115 4127 
20 7913 3475 161 6013 2525 1393 5210 9333 7286 7871 8732 205 5414 3941 8579 5024 4611 2329 7146 7235 
21 2695 1267 2338 9180 4256 74 5099 6571 5417 2443 6539 1167 2553 7667 3558 3488 1726 7183 9507 5973 6840 
21 7399 9030 977 9819 9645 2270 5998 9574 3282 517 914 5805 1388 8846 8859 1877 7833 844 6627 2608 5485 
22 4379 8207 6634 9341 4063 6331 2565 9592 7823 714 1235 2567 9060 8172 9399 6278 7359 1991 9775 6676 9831 3688 
22 4948 2690 5756 3082 4366 7629 5451 402 4472 4964 1649 1727 803 347 1036 2001 5338 5544 9596 8879 3134 5977 
21 7862 1111 7386 4371 8018 4594 8562 6866 518 7743 3237 7848 1717 2331 2750 7491 1490 4230 13 1377 3042 
21 568 5954 8653 6101 6989 1475 5967 9433 936 7298 9630 7047 1906 8660 8358 3899 9772 6788 455 5825 3965 
18 4679 3119 5861 9553 6684 2504 5032 2084 2254 727 1657 8405 36 1334 7953 4310 2300 685 
19 2015 1365 7134 4828 5907 8743 9758 467 8689 6847 9598 1089 2647 4108 869 5130 669 8726 1579 
17 563 2291 2702 9167 4651 6459 333 4322 1451 3649 6232 2005 8866 2550 4157 3887 8119 
19 9550 8379 674 2867 3505 1861 8976 4251 2311 2389 9807 9907 8393 3766 2879 7413 7742 8622 6481 
19 8878 4990 990 9912 929 8017 2633 5420 3142 4262 7201 4961 2347 7279 2823 176 9220 5159 437 
18 7109 127 4119 8413 1368 5092 134 9863 8810 3955 5542 5612 3268 1059 9493 8580 2698 9765 
18 9913 8665 369 8864 2402 1071 887 9335 2093 8286 4341 9356 1987 5932 9656 9024 2172 8606 
18 6031 3468 9156 5219 5386 10 5651 6396 4621 6376 3365 9161 2987 2435 8275 9307 6093 6051 
17 3578 6630 9624 1448 5262 6940 2197 7661 5288 8600 9099 7181 1112 5926 5563 5758 828 
19 1105 3949 8272 2107 1541 9221 5472 6897 6977 8844 5203 1083 5671 7523 7676 4570 4976 3611 1341 
18 5649 2209 1098 4884 3597 5314 9384 9828 1618 1237 2890 504 2194 1231 8503 9977 4339 5821 
18 4644 5952 4328 9268 6203 866 2532 3796 2685 4817 8417 785 2372 5095 8790 6576 4844 8332 
18 311 7933 6962 4117 8027 6447 5313 9244 1606 4579 7443 7358 5467 1149 9467 2940 6212 5536 
17 8184 2290 8510 9379 1946 90 5052 6478 745 5680 1162 861 2870 4516 3641 1699 1983 
16 8578 1325 6460 9362 3550 4136 2721 2552 4370 8365 1153 4983 5688 690 7996 7899 
16 719 286 342 3007 9351 1753 6565 528 7240 2761 1520 2716 8451 3945 1599 5637 
17 1563 3904 6344 163 3750 2631 5904 1945 3881 9034 7304 2249 5469 8867 5737 4220 898 
16 6252 9082 9157 5583 8616 4464 4165 8181 5078 167 8053 2564 8384 3741 8319 9146 
17 1178 2110 8051 2229 8460 7879 1964 4529 6736 2801 3177 4294 3837 648 6958 7228 7524 
17 6745 9273 2543 2969 3811 5154 5872 2017 6264 3659 2778 1742 351 7437 1641 770 6470 
16 9864 208 8257 9911 3271 9043 4168 201 7897 5109 988 269 5836 4134 9764 7673 
16 4829 2025 3845 2535 4997 9967 1351 4505 5022 6354 8625 2310 9189 2100 8156 2463 
15 6403 4944 9303 9987 5083 970 875 3525 628 3131 8964 289 4735 2677 6514 
14 6039 2769 2345 2340 9194 738 1457 7895 7828 7902 4563 8260 3180 9878 
19 3603 2031 5433 4326 6902 8801 6864 8307 7807 8992 9293 2371 7858 1080 3835 9067 756 329 7057 
19 9869 3972 9065 772 8694 6677 6181 3625 4620 7786 334 6759 4146 7487 2629 9010 8838 3903 432 
19 2495 8747 376 4344 254 1787 9998 5104 1078 1163 5827 7212 4671 3219 9057 3612 4820 1642 1847 
19 2147 267 7203 7010 8827 9089 2373 6231 5767 7853 2500 4945 9236 8206 5432 7983 9129 3791 3571 
19 2782 656 4659 1181 9952 7794 2082 2722 9278 2016 305 6315 5392 1556 1379 7427 7722 2337 2806 
18 1313 4973 8529 3345 8407 808 67 2139 242 9395 9488 9119 3822 5493 8663 1014 3390 1473 
18 9845 7277 4645 5913 2220 5105 6201 4825 7106 9674 1839 1155 6369 9051 6302 9290 926 6911 
14 6912 3735 3173 3428 5097 4265 9422 6860 8322 2131 6621 5599 4901 4759 
18 4761 6220 6580 252 6268 6898 7077 4388 5357 2242 8778 5363 2929 6449 9676 8391 579 4779 
18 428 3445 4403 9062 883 4406 3992 8749 7735 5349 5483 1249 1760 8837 5048 3533 7069 3718 
19 1177 7668 7882 3759 6098 2048 9038 1741 17 8813 1671 6588 3711 6408 6417 2946 2277 7436 1633 
19 9011 6563 607 380 2477 4924 9056 4988 356 3413 1477 5633 8349 8483 8114 1129 7165 2411 3111 
18 2074 9512 2551 5579 7048 7488 2042 5786 2299 2354 6812 6557 8409 9606 911 5551 5753 9714 
18 1970 5917 6078 2011 8214 7381 4701 6983 8127 6117 6525 3171 4680 8355 1086 9552 18 1087 
18 8588 3022 6886 9481 3867 4353 9607 3595 473 4565 1187 344 5918 5624 6895 7801 8538 2516 
19 3017 2132 5495 7309 542 6921 2154 1307 1566 217 1990 2255 7038 6954 2830 2993 2730 5652 8278 
18 6200 6340 1239 7513 1504 8007 126 1519 7551 7500 5945 6577 8124 7290 7136 2697 6644 4286 
18 3334 9735 4639 5116 8953 5201 5582 4985 8969 1672 5132 6668 5912 7826 2353 8380 2326 360 
19 4080 7686 8615 9159 5995 6751 1199 7132 4198 9239 8221 2676 673 2849 4199 1813 1064 5294 9484 
17 6125 1 6537 7558 847 8659 6824 1041 8532 4974 4166 2666 9040 8095 5003 2592 2376 
16 5017 1755 1487 3393 7903 6683 9421 515 1262 2027 1957 2069 4416 3492 8888 6035 
17 5516 3680 5690 843 8288 5959 1396 9163 6020 2351 8233 5505 1694 8238 6096 1180 6158 
17 4507 6575 5287 1480 6393 6389 9583 1597 9946 6869 6949 7625 6065 3898 9960 9569 6365 
18 1959 9702 4595 2368 9264 9324 4340 7615 3551 2682 8241 3642 6929 9891 2098 762 7476 948 
17 5887 7934 7682 2602 9896 8097 3213 6798 8314 8436 9050 3019 191 1899 8411 1408 6070 
17 332 378 4862 5603 1299 7918 5005 9867 6948 3704 569 6624 3248 1636 7563 6717 3014 
17 9385 1430 4872 9822 6134 9826 1905 6612 9423 5590 571 593 5773 5316 5889 4752 6845 
16 5829 3594 5830 9284 4937 2332 9337 8141 8829 5336 7979 9745 5644 2703 1074 16 
17 435 2754 9199 397 3044 235 7009 1690 2991 2772 8944 5126 5450 8657 3792 6019 6112 
17 4720 7884 2852 3122 1004 3476 3547 5139 361 487 888 3768 8777 9689 7051 1969 3304 
18 5295 2470 5088 6657 6727 65 3593 4845 812 1485 5930 3301 1708 1954 2877 8508 831 3637 
14 3147 9054 2534 3714 8576 8476 9688 8875 7244 3350 3143 1802 8082 4476 
16 8410 4245 9068 8263 8945 6848 5143 2762 5019 3387 7590 6626 8752 6005 4337 4364 
17 9815 7193 348 5405 2809 8182 4777 7046 2903 6314 4362 1274 9178 4668 2767 2908 4968 
13 3696 4773 9302 5117 4280 7725 4254 418 4284 822 188 3848 807 
17 6536 1685 708 3609 2192 4221 9779 7790 8432 2236 1092 4116 4447 8441 6250 8249 6322 
16 47 9179 6399 2115 5933 8063 5640 7351 9801 9053 416 4095 9898 3644 4162 6384 
17 212 7579 7019 2415 6041 1688 5704 1629 7365 4176 226 532 2503 9555 7577 5891 5604 
16 8448 3566 9647 5031 987 5268 8933 5157 2451 2257 9791 9500 8295 1645 9608 1060 
17 3512 9042 9497 2075 3790 3592 1499 9148 7273 2350 340 5703 5634 7744 7310 2998 8070 
15 8254 3398 1613 2790 6925 2444 6578 964 9945 8805 4148 1915 2815 3441 4977 
17 498 6729 6618 425 8229 880 5004 5689 9079 4001 3730 564 8180 2865 6323 5198 763 
14 666 3394 4628 4060 8264 8247 6180 2496 75 3407 9660 4691 2196 4823 
14 7108 4965 8662 4358 1073 4715 6620 7420 5707 4757 5146 5749 1350 7784 
15 6327 8995 7811 6426 959 1308 8601 42 760 4030 9413 3071 4808 6914 7813 
16 5955 9949 5457 6121 9192 5559 4906 4647 7875 6545 9587 6516 4061 4054 8948 3742 
16 3632 5662 7816 4834 1166 6883 2596 173 1535 9518 4655 4640 3273 6501 5431 3676 
16 5377 5650 6512 5632 4159 4899 8917 8246 9039 3223 7607 4367 9984 6631 8943 1586 
17 533 7174 2119 8909 8687 2557 4625 4947 3660 6337 5993 2811 4298 6435 6614 6441 8893 
17 4863 1977 9576 6172 2121 5481 4009 7403 9930 7095 8135 346 2083 1380 9567 3957 5533 
16 6208 1845 1537 1942 1791 5373 3222 3234 8954 6432 7033 9206 1788 5322 8666 9336 
16 5920 3453 4713 4415 6596 1424 9225 8197 6802 5496 2050 5151 6606 6445 8581 6594 
15 9636 7994 1553 3146 5630 6880 2116 5577 6372 6303 706 7390 6108 5345 5404 
16 7102 4704 1565 1660 4767 9908 1914 4852 2739 5530 1397 4193 2970 944 3702 2007 
10 3654 5284 9594 8354 5546 6964 79 6300 6015 702 
16 9586 3502 2473 7762 6218 9790 3293 6891 996 7942 3804 1241 5354 1495 4363 1015 
15 601 4481 141 2556 9143 6165 293 8729 8498 6531 3206 2262 1868 0 2836 
15 7000 8940 2654 2966 2796 3356 3072 6318 6947 6506 1258 6535 6291 9184 2133 
15 6245 4953 6089 8851 6681 9230 1047 9661 3448 1298 9582 5236 8825 1751 1594 
15 7373 6966 4123 5087 7614 2935 3052 7461 6224 6980 9535 5185 3015 5811 4998 
15 9744 3325 2527 8610 3496 2694 7130 9447 9762 4182 3889 3280 1935 5653 5147 
16 7557 9464 7448 9151 8014 6722 1747 9460 4423 7591 1049 6427 101 5787 2474 251 
16 2649 9135 9364 8782 2156 5306 4365 8270 5106 3158 5638 8608 1219 8891 8080 8722 
14 5307 9751 3952 1364 6157 3154 5166 450 3526 8570 33 4556 5248 5949 
9 2384 1444 1025 6309 2475 7756 3868 9648 1663 
15 4482 4024 952 5070 8160 918 5184 8165 1409 2826 2120 4766 9787 301 258 
12 2297 5062 4073 5482 9275 3599 3764 7919 7989 6032 4510 6665 
14 4228 2178 9833 6248 9299 3404 5810 7800 1214 2918 3600 3322 8923 5348 
15 1326 8110 6132 9652 4209 561 8343 7397 6054 5893 3911 6046 2491 31 2298 
15 3557 7152 2706 979 7754 6312 7999 6014 8927 6230 9124 6074 1303 3343 8433 
12 8711 2184 1715 6820 1296 4461 3018 3485 1927 9147 3265 6348 
15 4107 6173 5622 8505 3031 889 4232 3813 4395 2111 3954 1028 5580 259 8836 
15 6547 8194 3940 3429 2057 6059 3447 2204 6086 2466 1766 6792 2096 438 8468 
15 3833 4493 6251 9031 7392 1819 4710 6859 2215 5 8633 7850 8341 8251 488 
14 318 313 5400 4302 196 1383 3686 1486 3820 7892 7980 5669 1213 5812 
14 5732 5674 5374 6932 2645 8516 1818 8294 787 1174 8011 8716 9465 4172 
8 1135 2913 4835 1413 367 3703 2593 5895 
14 6550 633 7425 1930 412 9029 7798 8584 3927 5772 6028 4542 4261 5883 
14 4830 559 6672 1779 1871 4768 2148 1446 6787 3118 1362 427 1077 6725 
15 935 984 1864 4244 8904 7651 1042 9363 2378 9367 6284 6761 6616 440 9585 
15 1186 7438 5962 1282 947 8492 510 3395 8651 287 2002 1759 6482 6311 9997 
14 6567 8353 105 4147 7763 9366 3455 1853 9989 3209 4380 7705 9861 1118 
15 2056 8609 4355 377 4824 4279 6617 3567 3004 7247 5066 4431 4231 9540 2502 
12 1803 2548 93 3494 8931 8161 5215 3953 143 5489 1940 3298 
13 4352 8998 1679 6678 8299 7802 5035 1432 6010 652 148 4811 9301 
11 3708 6085 4092 1604 5186 6661 1764 1390 9642 6207 6349 
14 6430 2653 7643 5001 3079 9205 3359 363 1775 9973 3548 4530 3028 4934 
7 8670 3503 829 8032 7954 7452 4753 
14 5621 1046 7555 5941 8150 1921 7192 3013 2832 7139 1526 2726 5960 1367 
13 2896 4854 9505 6999 9513 7062 3968 1836 5823 1754 5676 2070 9451 
14 35 9100 2240 9639 9322 8767 3613 9431 1321 2469 5745 9814 5683 5831 
13 6645 6009 6832 9849 2439 2978 322 2587 1975 1347 9885 9294 6477 
14 5711 1474 6279 4857 4087 6625 4351 6790 220 3563 2792 4551 1144 7836 
14 854 7663 1415 5465 8721 7288 5733 3682 6464 1732 7634 7859 9609 5296 
13 7379 3338 6178 2037 1702 9978 9958 6554 1238 323 4967 5897 8397 
14 9109 8173 578 8987 4675 7672 5625 4850 752 179 7426 4174 804 6335 
14 3739 8167 8585 7931 8218 1814 5520 5793 7945 5206 2258 1225 6521 2822 
9 8773 9798 6928 2283 4240 4672 6217 9986 5138 
14 9804 8785 5844 7080 6680 8903 6679 2447 8522 3034 9580 1481 6287 2747 
10 1874 5250 9508 4626 6431 45 5946 3179 8929 6520 
13 856 8188 2173 7872 7627 5730 9112 3376 7168 9713 2379 1893 3864 
7 6321 5754 4239 2855 7947 8702 5813 
13 9071 5660 189 8072 9103 495 1572 6267 4386 6976 1795 1285 8619 
13 2112 8412 5260 1891 7164 6262 6006 556 3001 393 5834 1356 8934 
13 4836 2984 3624 7749 9593 3856 2995 4333 5331 664 8056 3388 2302 
12 3740 9392 5809 7267 4128 2431 5747 5840 1126 1085 7059 4052 
13 9613 8298 2954 3469 5380 9444 4173 6131 8757 7623 2529 1427 8762 
13 7097 9158 382 8339 6953 2478 3630 9389 9991 1895 5531 2136 5272 
8 8965 9231 9718 3419 5492 1462 6355 9058 
13 7380 1346 4971 1568 7065 3487 2087 471 6145 1156 1542 3633 4181 
12 8348 871 2407 7898 8693 4335 116 3060 1712 7878 1354 73 
13 5158 6133 7503 1875 736 7626 1253 5416 2820 3303 3020 4390 9600 
10 7346 2370 8475 694 470 6037 3427 4401 14 9601 
13 507 4913 3829 4314 8624 6874 223 3523 2018 6899 9338 4412 4812 
12 9289 5124 7037 538 6452 7101 4258 2763 750 8389 5141 4926 
13 4405 6480 9478 21 5379 9939 5258 7584 2514 6688 1280 1484 3964 
12 1949 3169 7778 5635 1320 8325 5687 8469 7775 446 2251 712 
12 7662 7387 5684 7793 3137 8153 3076 1765 6259 6099 2902 4580 
10 1973 1464 614 5925 3736 4175 6371 6817 1021 7589 
12 3116 3181 7014 8481 9919 8359 3935 2572 2092 1849 4275 7127 
12 7196 2128 1051 7296 6116 4915 9448 9839 6768 2759 4599 8235 
11 2825 5344 7143 3216 3159 1749 6169 2483 3166 2488 8999 
6 8890 5463 5053 8418 3252 1582 
12 1102 7535 5764 4561 8590 9821 3374 8478 1703 6892 8949 879 
12 6293 7457 7830 816 4235 7189 8248 5118 54 9257 1216 1878 
10 5332 7610 6513 8512 9699 904 7157 788 7600 5776 
11 4629 4274 2907 2931 6873 1770 3074 5327 7518 9599 3728 
10 1002 6378 4747 6823 5506 8914 4169 1808 8913 6653 
11 2717 8023 9321 744 6142 8081 3431 4577 4956 4931 5461 
11 1835 2857 4532 7142 6495 8281 339 8839 312 2968 8759 
11 4205 6062 9741 6104 2850 1976 8526 5648 2795 5178 3733 
9 499 9843 1854 2911 291 2744 4751 4774 3288 
6 9121 9471 1737 7478 7218 8240 
11 5593 8667 6769 7560 9780 6530 3590 2872 3063 8139 3515 
6 3321 6154 3363 9760 3705 9750 
11 211 5426 1979 582 3699 634 5339 5736 1659 2637 2669 
9 7779 6184 7718 4025 2517 5010 7688 4600 8982 
8 4467 3292 5396 2936 1811 764 5223 8276 
6 7013 8704 651 3056 995 362 
11 3433 2406 1176 2021 3235 7328 8922 2127 4972 9921 5961 
10 1206 4074 774 7100 2793 654 2416 8678 6889 631 
6 3647 6324 9081 7992 324 1333 
11 6076 1721 6674 8126 8009 9435 1358 4612 7053 8568 5762 
9 873 5976 6945 3917 3634 6936 7241 4005 9840 
8 3291 7483 3919 1707 558 336 4763 9048 
12 8035 3205 7498 4224 592 1786 3136 9895 3852 9615 5842 9501 
8 5562 8755 2364 8335 3481 9726 7242 486 
10 6825 6274 4496 9784 6773 1094 8885 4991 7450 165 
7 3608 9072 973 7622 5549 1478 4427 
8 1778 8437 4963 9664 6720 1426 6935 2812 
10 3232 876 7727 4608 2144 6813 8016 5190 3324 3472 
8 3362 4992 3738 6225 5618 3504 3890 5997 
10 6244 967 3211 5664 3973 6249 1056 1858 9999 5254 
5 2176 8231 8230 2306 89 
8 7347 8344 7285 6561 5761 6611 1936 5509 
10 415 3227 3905 8064 3323 7917 1919 8356 4142 7367 
10 657 8996 6301 836 7556 2381 2889 2071 6214 3794 
10 9138 7316 5176 5340 7265 4762 2380 7050 1108 1744 
7 368 9152 4345 1780 5229 5828 5197 
10 5815 7150 3570 4272 8284 1806 8162 5378 3552 5820 
5 7716 7031 2202 229 7519 
10 881 7988 938 9534 6042 4876 2334 8065 2481 6362 
10 6647 5221 9659 4942 7782 1119 5103 7511 4465 784 
11 3778 5298 2612 8534 6281 9739 6572 207 2342 240 3297 
7 4717 3748 2433 9211 7658 5365 8561 
10 9579 7516 5486 9542 7978 4932 9588 4022 1816 7432 
7 7355 9894 4152 3081 3810 4381 6072 
8 4048 8108 1034 6755 647 717 5325 6887 
10 921 7275 6306 1772 5098 4748 2487 3023 2448 1442 
10 8652 4433 698 4569 9175 5401 4678 2428 7736 4548 
10 7342 8798 7490 1394 8881 5257 9453 8900 9924 3870 
5 3358 5518 9672 2510 2549 
9 6222 7334 194 7125 3700 7923 548 7771 620 
10 9737 6907 4072 916 4730 7706 4385 9445 9578 3312 
10 6247 3685 6699 6038 7521 1769 1894 2668 3771 9756 
8 4450 6850 2933 257 8525 4015 9519 264 
9 4709 5021 4722 1435 3980 2894 4603 4436 6564 
9 767 8780 1428 2740 34 3598 5412 8394 9528 
9 2981 5610 2729 6830 2462 3006 6256 4952 3125 
9 5238 524 9810 928 2413 8006 9047 9398 6229 
9 9561 2680 7659 9026 456 6511 6276 7200 6687 
8 4065 4802 3221 243 9295 5570 3516 6972 
9 494 7971 8345 9083 1933 5136 588 7747 218 
9 6762 5910 6566 8745 5320 9961 9903 2091 9253 
9 1676 9238 3776 7352 5326 9788 3900 5898 2454 
4 2418 7671 2124 9856 
7 1208 1416 8473 8623 5330 1615 3519 
9 9381 5782 2670 3300 985 7121 7767 605 8994 
9 7534 7078 8598 153 155 2003 6499 3809 7056 
9 9897 8820 3722 2805 1371 9170 1007 5430 8340 
9 6066 2315 5094 5801 8471 723 8202 1400 389 
7 3193 1058 748 9883 5084 6075 1554 
8 5169 230 7259 686 8821 7408 9509 7376 
9 2480 6297 2882 3256 1026 4572 7023 1385 2858 
