32 3160 9692 7793 8415 4279 4046 1776 2701 5125 6902 3243 4885 6872 3774 9412 3955 2699 7620 2903 7114 8490 6968 3068 4498 7634 364 4484 8985 4271 5937 8774 9837 
30 5954 2332 68 3044 3623 4817 4076 3830 8783 8593 373 4988 6449 3416 8115 7077 5015 4112 6905 6695 8856 7940 6372 9945 7618 7991 9894 3289 3633 592 
26 2822 9328 1187 4568 2965 8293 93 2680 4174 2928 4212 5600 7493 7912 6110 9801 3017 4073 2476 9605 195 2796 7770 4552 6810 9556 
28 2921 6610 5127 8885 9384 2236 5201 7751 74 2961 1032 6097 5694 4456 6612 4599 8137 7238 5037 4610 9911 6373 3509 2545 3493 4459 5685 9349 
23 7136 6200 1417 6520 6622 4454 987 4641 8215 9983 8142 3786 56 5980 3789 6831 1703 8474 2694 1333 4947 7655 6148 
37 3117 3265 3833 8017 8949 3953 9076 9322 7203 5351 6990 2950 2064 5343 4782 1724 4100 5417 2675 9796 9400 1088 8155 2899 1684 549 6285 5929 6067 9225 1331 9905 5996 1812 103 7654 5707 
22 835 8927 896 4529 8418 4309 4734 6277 4435 115 7388 3646 8095 8614 2488 2192 1343 1251 5140 5110 3345 1990 
35 4506 1573 7397 6754 2205 1325 1855 3537 8865 4566 5053 8005 9548 8917 2426 4892 8248 6010 8639 2845 3250 6180 9999 5806 4085 2662 4429 2773 7687 808 8648 7164 1079 8265 9982 
28 7833 5113 170 7528 1241 5224 9356 7359 9267 5763 1683 8144 9501 9091 802 2216 884 8138 28 5143 3994 7074 5549 6798 8236 1522 8479 9741 
25 8450 6093 8282 9115 8564 134 2917 4055 7484 4732 8939 7118 2534 2424 2032 3067 1050 7357 3178 1859 4651 4783 7616 4680 5273 
37 2603 8184 5608 9787 1835 8083 9190 3610 1969 1344 6994 6436 8289 3336 4857 9689 1069 1128 3771 3609 6706 4477 2462 4406 4404 8107 1087 3761 1534 2875 9508 7601 1580 5032 1607 282 3870 
24 2139 6497 2599 2239 9831 6710 7541 2207 1269 4844 8611 6809 4120 6977 4946 355 8662 8173 1646 7101 6619 2498 6673 2556 
32 9670 4060 502 9884 2914 785 7327 2301 6793 3724 6708 1349 7672 2502 7989 1102 9279 1667 8175 5688 5628 9693 5061 1649 4939 8905 5719 6818 396 7764 3305 4419 
30 1959 2091 5041 2252 1923 9874 1131 4621 1354 5425 5659 997 3795 7321 989 7656 8129 5493 8444 8580 2932 1478 6886 3673 5764 7807 3355 3931 3202 2582 
25 1785 8183 6416 3264 6000 6027 4452 437 790 6997 2724 5716 4335 3400 3884 4405 9086 7895 2434 6745 9900 1820 9687 6865 4361 
29 2635 7708 7929 8324 6973 7650 4175 4530 9599 8211 9110 7009 133 3723 2193 1858 7578 2208 19 7451 5190 3081 4416 1981 8682 5042 7315 5836 3952 
33 6933 2563 6668 9820 3630 108 6275 1229 4313 630 925 5036 8035 1490 8807 8908 3650 7803 538 8300 3337 9062 9496 6579 932 399 5809 4699 3769 2561 6537 1651 4188 
28 5260 90 5967 3682 4629 9229 9310 3341 2832 4432 8603 7407 3127 9763 751 6350 6518 7476 8827 6047 6342 2655 9953 4337 1798 3645 3970 2267 
29 493 6330 1734 6857 4777 8193 2768 4495 9936 1897 5523 2552 2055 4032 5200 1636 8355 5590 4509 7889 1502 4706 3751 2641 6917 4366 2329 825 9700 
30 7590 1824 6597 915 2384 9967 9773 456 9675 8728 4483 6606 2178 3488 8963 8140 6540 6466 1563 6605 8275 9061 8556 5359 9766 6654 2067 4257 126 960 
26 333 9166 3919 9790 8072 3858 1477 8652 5175 8801 986 9448 4378 4232 4836 5038 3248 6987 1514 1912 1685 9148 4058 5681 1363 7414 
23 2098 5388 6425 5156 1961 5693 8920 4413 6069 9654 5265 4139 3605 324 100 4894 2486 9486 7376 7413 8228 1851 8194 
28 6261 6543 8003 6869 7180 3033 2574 2689 5514 7352 798 3635 2082 4351 2466 2070 4924 3550 1065 6118 139 1162 6926 8535 497 8195 946 2451 
35 7759 3198 9248 7183 4802 1398 2212 1217 9302 8958 5637 6205 1759 3069 400 2799 9780 3314 8915 5956 7212 8599 3359 1845 9516 7627 4029 3469 5649 1877 3239 8559 7861 2431 4964 
26 2734 3076 3937 6819 8950 2343 5102 1994 1222 7468 111 4204 4019 6590 345 3211 2889 9534 4860 3000 7821 9819 2328 1975 7474 2894 
26 6599 4801 2698 5345 4311 8681 606 4524 4724 1248 3315 1215 4136 861 1507 9177 2237 9659 3088 2639 2750 7055 8323 5936 3074 2528 
28 3060 7382 4803 9219 1429 2167 7488 7016 703 3281 7597 7580 5192 334 8332 3941 8223 5287 4023 347 8064 3002 1108 4905 843 950 233 7577 
26 2446 2198 3618 8733 304 1592 5925 173 2797 6412 7345 4986 5104 5479 7829 7879 6232 6346 6852 7486 651 2448 6637 696 6806 7917 
31 2234 1712 8841 5436 1245 7880 1971 9703 9228 9280 7809 2704 3477 5270 4113 297 985 2625 9701 807 5623 6070 146 8965 4369 6052 3207 7246 8360 2296 6051 
27 2922 474 854 7481 9165 1770 9172 177 4158 7610 4443 3631 4266 6601 9824 9232 9312 8519 2045 2172 7182 6455 7524 4490 7002 8132 2630 
27 2772 1568 2202 3921 5117 1681 6519 1302 5822 9562 2011 7076 8769 1929 1142 4072 1848 4453 3539 6349 4537 5319 3459 5344 2501 2380 8009 
29 8033 2191 1842 3460 3291 7406 6437 8673 204 7950 4914 9233 3377 6846 112 6621 6494 3594 1043 6122 8229 6101 1061 5158 3940 1943 3522 8387 8694 
31 8103 405 4773 5207 8250 7719 5315 6236 7135 5509 9664 5834 8435 8066 8135 1606 6078 302 9567 1710 7262 6803 3749 8344 4036 5776 7480 3157 7106 2031 2217 
27 4172 724 8128 7060 5668 5783 6361 3215 3487 7209 1585 510 1847 1517 494 4496 9776 5444 1357 8719 8763 5342 5275 6660 637 7194 2423 
26 5634 7642 7439 5109 7952 970 4089 7046 1680 7928 6948 6829 700 8667 834 4035 1823 2676 6144 6103 20 427 8244 4384 2481 7010 
30 6428 4574 5529 4560 2394 3300 7927 9220 5382 4153 5327 4565 6367 782 7953 2869 8942 5003 7428 8674 2073 6391 5217 7754 6887 2976 2088 4841 3467 6390 
27 7245 8653 8468 6961 5940 8281 2331 2542 1602 3791 1960 9 1308 7853 2631 9140 7591 2112 7780 7254 9101 8836 442 3547 4224 8290 4300 
32 45 9814 862 6600 9236 3932 4400 1588 2346 7513 5862 2646 9529 4316 2148 2121 1905 1719 1221 4129 6079 5389 3245 8656 1617 3133 7619 2109 4287 4532 1184 9354 
31 8854 1204 436 8543 7979 40 8074 7286 6676 4975 7028 3465 5312 1849 1747 9739 3011 2632 3180 4693 1741 1291 4863 6107 770 8045 7457 6901 4380 3366 1154 
23 2368 9584 460 3671 3443 662 8256 974 4687 3310 9309 4601 5962 1488 9653 524 9137 1019 1686 7604 749 8784 722 
25 9475 8545 2713 552 9129 1267 8549 1677 927 7268 7071 9051 4658 1321 4288 5767 7779 4525 8757 7732 6937 5922 3015 9615 2804 
30 3042 4805 8447 7031 7976 5066 8873 3158 8627 9870 363 3484 2020 7104 7167 2034 6403 6678 8671 4778 6913 5933 942 7052 4877 3451 6184 6626 1665 5453 
35 1666 6791 1285 9224 7845 4323 4048 3544 8528 3130 472 3229 3507 7941 8482 6945 7233 623 9794 3576 2111 8571 9429 148 8086 7657 1731 2638 181 9030 2119 5897 2957 6164 3818 
28 5266 9756 417 8445 6464 7777 5496 5704 5687 8318 4564 7873 4547 4218 1068 3499 4051 588 1748 3029 6468 9373 8888 9661 1958 5593 3697 2623 
25 6440 3832 811 9131 8624 9907 1238 8911 4289 1825 1698 3321 628 8597 4838 4596 8429 6064 1090 5414 9369 4505 7521 3868 7049 
27 3039 7313 8366 2140 3139 4887 3114 9406 4589 6531 8943 5766 2984 7199 9893 8313 9896 9357 6243 7567 1318 8241 8880 8986 9388 6133 7502 
28 6613 7337 2954 9735 2135 1165 883 8274 4929 9976 6085 3003 6741 2939 2872 3939 9169 3432 9162 7403 6116 2784 783 2360 6833 8068 3664 6942 
29 6198 1468 2916 8063 3992 375 9055 4282 2233 565 753 2548 529 9769 7242 9453 6111 2484 4842 3394 8767 4554 8212 9167 88 1266 4274 7965 1921 
29 2440 5532 8977 5815 462 4391 3019 2161 6037 3817 1034 2014 3028 9283 758 5790 1161 180 1578 6682 6333 921 8252 186 2721 3406 4561 2487 8167 
32 1434 3482 839 8166 961 8699 338 73 8012 1784 5772 6473 5474 8055 7925 1389 3926 3889 6545 5013 5931 4786 151 6679 7139 5101 9934 9080 4586 5021 5551 4659 
30 1179 9443 2803 1021 7638 4006 6237 6348 4030 1373 9665 7369 7748 8309 39 6510 6878 2549 3599 7499 5205 2723 1078 50 374 9112 196 8061 3030 3021 
30 156 3452 1816 2755 5298 2519 7087 5446 9619 4201 2262 430 5581 4669 7673 6689 7447 2580 5421 5626 5607 2575 3577 3224 7644 6377 5375 1136 6647 2565 
27 6812 9992 8027 2693 2752 8108 1004 8349 4938 358 3078 9575 3454 6941 157 1894 6451 5810 3193 7826 4626 4324 1479 1629 5930 3071 6301 
36 1711 3496 271 6092 779 6113 9590 9504 1258 3715 4388 1226 2887 1948 3390 7973 6772 2006 4149 9021 1286 1273 4854 3862 3586 2376 818 8708 7100 9563 1385 3589 8353 7178 6173 5644 
35 1134 9136 3579 5237 3951 7351 3410 1264 6379 4553 745 8263 8458 9720 9089 322 92 8886 4128 2060 6146 8321 7848 5891 3093 8342 3655 2284 8520 7281 4973 891 3906 937 5410 
28 5876 3505 8080 1597 404 8663 4694 7061 4194 9760 6454 6434 2589 1873 831 8031 7353 8041 1955 4781 2543 1232 695 3163 9759 9916 7187 1199 
25 1566 8983 850 5713 1441 8111 848 21 7000 3020 4402 2114 8601 3458 5394 3004 9706 4441 7945 757 3084 7289 5526 7631 7775 
26 2758 4766 6970 6936 6983 1448 9027 7086 5079 1707 5293 4647 6954 9618 8814 5947 6594 6965 2344 260 5753 2340 5402 3779 1727 1596 
30 5959 6595 653 7259 9485 4251 6978 7190 9908 5249 3368 1838 254 2387 1272 4750 2299 1450 992 176 6608 9574 2336 9886 8343 4688 439 9731 3038 4594 
24 9151 1365 6231 5751 2353 4018 6966 964 3865 7983 5075 1828 193 5123 3916 7646 1561 118 1277 7050 2291 4789 5666 647 
31 5604 9850 928 659 1080 221 3001 4395 141 6523 5133 594 1395 7370 2404 4925 1830 6565 2447 8459 5103 9396 6194 7389 4733 6248 892 2749 6189 1099 63 
32 9861 1846 6664 9732 4824 952 4304 6395 2435 2403 6860 3431 9218 2877 1406 6156 214 2475 4843 6417 5920 7749 1987 7600 4705 1626 8110 9064 8487 5257 7718 6441 
32 4467 5160 2297 3247 3575 6474 571 4183 8365 3513 8022 2142 1011 8008 7213 8755 189 6399 1535 5622 3596 9597 657 8069 7913 5155 1874 3796 9765 5418 9015 3082 
25 9832 1437 7244 422 9391 2238 9495 5070 4544 7589 5346 6384 8336 3728 4879 1355 1782 8633 9881 7518 9398 368 5845 3857 6172 
28 9738 5673 3720 3628 5206 7552 8471 15 3997 9133 670 9442 5055 7284 1742 3923 1885 5786 1832 5385 9746 5339 6489 1112 3930 2041 3540 6422 
27 8725 9727 9559 6073 9721 4942 1804 107 4193 9067 2188 5162 9389 5214 6353 2521 8233 4719 8208 727 2363 4267 3687 3652 2969 4767 2661 
27 2863 4980 553 5917 9019 2535 2391 8423 1098 5603 9842 5699 7007 5093 3418 7684 6604 1850 8735 4536 897 5085 692 3274 9094 6240 9932 
27 7080 6687 5756 7894 9150 4053 1151 5784 2538 7131 7771 1962 8842 7053 7834 9553 3371 7127 1379 454 9245 9789 5521 882 2895 1503 6511 
28 3883 8835 8503 4126 704 2158 4003 7450 8213 8222 5847 6508 8787 9292 3890 9676 5431 3395 7599 2240 6355 5665 1454 7746 4913 9422 6722 6480 
33 2150 2847 5387 9268 6313 7637 7065 1735 5183 8013 8511 3490 6471 6006 7700 1941 9337 4007 6080 7445 3910 8606 7119 6577 7411 6533 127 1015 7843 4791 6955 9510 2254 
32 7318 1660 4671 4796 4166 9042 2573 6556 2137 8726 2644 980 2001 6515 8499 1935 5438 2348 6282 4737 8310 7585 923 1743 6043 7535 3750 351 3614 9904 3580 6491 
28 691 6227 2152 3694 7985 6444 956 3170 9436 6185 4047 2397 2998 7043 8341 7184 2130 64 755 5636 6880 1663 5011 5039 9277 7156 7424 3829 
26 3516 8372 1062 4896 443 9795 2194 4588 619 5547 4582 6192 4598 3672 7378 5187 9981 268 1075 3793 712 2626 6358 6842 1235 6479 
25 5455 7380 4200 4278 132 6817 3777 1899 1023 5290 7237 8796 9830 2270 104 3658 8382 6909 1017 4666 426 1891 6496 2956 4131 
27 7678 4507 9933 3746 3845 4192 8933 5457 7680 2009 6033 7282 8278 2428 6075 8226 7210 6939 5697 7874 8091 885 6040 7478 587 7537 9770 
25 389 2649 2 9984 4710 8697 6292 2096 8235 1871 9254 9090 5791 7346 4934 3231 9511 8600 2471 372 2427 6325 8409 2620 531 
27 6130 2607 3501 5483 5182 220 7910 8993 7257 2651 2808 5347 6665 3747 7909 5539 6487 6964 944 7224 1857 4681 6356 5849 788 518 9307 
30 8980 8246 9492 9039 1152 4069 7110 1777 9327 5297 560 6224 5852 387 4180 9845 9185 4312 5971 354 7027 5986 8419 4508 1381 6986 4320 638 8959 8268 
29 2995 9288 7402 6635 7744 8613 8162 2057 7349 6559 2562 1242 4431 4127 8352 838 3370 9387 7248 1623 6555 3964 296 7734 4798 731 5780 9786 2388 
28 9058 7760 6001 5555 5721 9592 8884 5058 2489 3330 2986 6646 2004 3317 8348 1409 1819 9596 2596 3397 9305 9514 3045 634 2881 4890 7854 6088 
30 9053 2241 656 5942 1505 1985 8575 5307 8569 1802 576 2100 5292 8855 9959 9996 5546 4623 6302 7563 707 9603 6771 4362 8818 2197 6360 8953 4512 5240 
25 187 523 1805 2769 2144 2608 484 9153 1668 1526 5309 7877 2730 6998 255 440 5150 3615 7255 2905 1947 2999 7997 9410 212 
32 7643 9561 2351 7695 26 5472 7519 5706 1547 3651 1127 1310 4864 4945 686 4428 2092 844 7924 4033 9070 478 7632 8048 8059 7092 5243 1714 5507 1313 3554 6090 
28 3190 750 4922 4937 7026 3331 1562 1740 851 9753 530 2835 5064 300 3686 6716 2185 4438 2660 763 3230 8881 7818 9536 4584 2054 7322 1298 
31 3183 5492 7421 4214 6910 7249 466 9461 4745 8649 4500 9910 6252 7443 8390 9800 9570 7129 8119 905 9897 6536 2987 9523 9633 4580 9244 5256 4600 8374 2406 
33 4904 4581 1751 7648 7367 7375 8646 6230 8904 5329 3563 4835 6143 9694 9935 5356 5268 1571 830 1225 3571 1471 9641 7366 1008 708 6583 7354 2095 8658 8918 7371 5227 
30 3425 4236 2855 5112 6030 5724 6816 5556 7202 6160 1092 3058 2852 3065 2981 5827 1887 1240 2131 5602 4206 2438 7905 8192 8554 9353 9099 7174 3808 6246 
30 2717 6720 5903 276 5553 5855 837 2912 3346 2242 9240 3802 6385 2924 2948 6386 4417 6175 4230 4164 7217 5672 4686 458 6273 105 2203 448 120 3517 
30 7849 3128 3099 3201 5181 7723 7239 2771 5861 2960 5963 109 9217 7844 8882 9209 6946 3162 4159 242 2669 5558 6541 441 7683 6068 7553 6524 6561 6898 
31 6885 6578 4481 8530 5574 7980 3917 6389 4630 3156 6675 1837 1329 1933 2878 5122 4970 6802 4738 2839 1480 3967 2880 9298 5992 821 8690 3559 4735 3826 537 
26 8232 8568 3681 968 4436 8421 3528 5302 5935 3989 833 4178 6814 5894 1029 30 5485 398 3621 4987 1696 4173 4008 4981 4832 519 
28 9822 7855 8386 9104 3385 9702 9263 8756 8201 8577 1326 6672 6581 954 6174 9547 5737 2110 5495 6734 4439 7051 9399 4336 455 5536 5161 6061 
33 6340 2517 8781 8745 9817 4144 6485 7240 4363 886 1493 5811 5828 2354 1936 3700 264 9409 7181 2988 5034 7098 5858 1513 4810 267 8308 5261 3101 2850 4685 6121 5255 
30 6430 5149 4650 6756 3764 8046 1203 2738 9853 1081 1104 4990 2780 5874 1392 4094 4162 5458 4649 4269 11 3141 2104 1396 1705 5586 5489 5178 1627 6575 
29 7851 1492 8740 6935 7084 2024 150 2983 5159 4031 5429 8558 4098 7702 3692 2708 2047 2321 2319 7710 4876 1569 7017 7048 1316 1270 9555 470 4329 
29 3448 7794 8125 1822 2775 5863 252 6824 4888 4140 8889 933 2686 8436 9707 635 3319 8133 6958 5750 9142 2222 8326 2491 4961 4412 2441 3956 2634 
28 6056 8121 4057 6250 5400 784 8913 8488 9084 1207 9247 5332 5840 5972 5804 2326 3814 7881 5078 5762 2377 5316 814 6907 2844 951 4502 3436 
28 8172 2996 5049 736 5999 3851 8754 9439 6547 2175 2083 5413 1723 8821 8956 4602 8283 8860 2425 1426 2898 5722 8359 8811 8736 2308 8771 8465 
29 5371 1764 8432 144 1860 6284 873 4005 2840 4356 3821 1193 8131 7466 8907 4667 522 4258 7622 2568 9174 9465 1006 8397 7501 2990 5471 2456 8898 
25 2870 9243 3899 3855 2168 5051 4486 22 9634 1799 5830 1744 3963 2695 8900 1265 6314 1984 7302 4427 6254 8084 2105 5650 2952 
29 9145 1196 1014 477 3702 81 1750 9456 250 5760 9883 5501 5869 5782 4918 6692 8688 5447 7231 7628 4133 5164 9638 4624 3729 5950 4548 6598 6413 
31 2223 9764 9791 8400 6032 5680 5671 2429 2298 8001 9554 8330 4657 123 9043 4511 5718 5775 4549 1673 1763 7225 5338 9333 8508 7465 2079 8542 7544 9164 9847 
30 2584 482 7297 5898 6102 3380 9825 5850 243 87 5277 6268 199 1402 2685 3798 6484 4280 5731 241 4187 9005 3140 3572 6139 8777 7477 4479 7966 8683 
29 5254 9942 7384 7442 6242 5682 184 2536 9994 9771 521 2643 9057 2408 7792 664 8338 984 2224 9998 1084 7160 3523 2824 5702 1939 6320 4821 9604 
33 4114 1125 9747 3339 3698 605 5506 2843 569 6693 8507 4410 7312 2235 198 4414 2283 6376 5880 2333 6020 2458 8930 9479 5300 737 7711 7166 2516 6960 2810 9343 3531 
28 6975 6623 4034 4677 1612 6244 7227 3711 2061 4941 9964 1618 2465 9414 3495 6453 8972 6249 3077 7145 1183 735 1815 9463 5712 8715 973 7796 
29 9141 3968 3533 665 2640 1053 3391 3332 402 8517 8182 2509 1233 2760 5913 877 1453 9674 8054 6549 2002 1086 4959 616 2523 8744 2879 6632 9577 
35 6096 5535 1035 5545 4099 1745 1600 2147 2873 7538 2794 1525 7142 5508 6287 6310 3705 3981 8384 4371 2015 2364 7932 5989 2420 4330 3676 9903 3111 3601 7856 9003 6830 7641 7652 
29 3660 5467 9940 598 6407 3811 2258 3647 3037 2892 5533 2416 9135 6291 1170 245 9196 2593 7064 847 1922 7263 6241 4222 7647 2709 5859 4962 4635 
27 4891 8394 6879 5938 1614 6681 8176 572 4044 4640 1532 332 5169 683 6749 539 1137 3301 5631 2665 7067 1699 1529 1254 5870 6271 5988 
28 7320 4797 7253 5128 7867 2401 4809 5700 5045 6263 5405 9370 9207 7171 5505 461 2272 5111 9938 7933 7967 344 990 6442 5970 9018 9768 411 
27 2600 6021 773 9213 9685 4455 4165 792 7866 5434 5906 5282 7663 998 5567 3255 6469 9026 4849 4342 8779 6203 5729 870 3285 4977 2107 
28 295 5130 3302 747 1499 9454 9974 5323 4465 6856 1880 5352 2390 2967 2010 5426 7757 5825 481 1252 3969 317 1500 1181 9542 3840 7978 2149 
32 9191 2648 7946 288 2339 9238 9315 7768 6163 9531 8493 3508 8878 9158 1963 1504 367 5746 4814 9469 4016 9195 3792 3115 7665 9680 6077 8165 2371 4111 1635 9784 
32 6781 7006 4259 479 3 2359 7117 8848 3212 6715 6674 6018 4343 9024 5531 5958 3376 8626 8230 2081 786 4283 1497 4510 8515 1227 3583 24 2809 5044 1508 8311 
32 3636 7901 5326 27 563 5226 5990 4730 6299 7891 793 7671 8224 8505 2314 6137 9160 7112 533 6786 3740 1950 3329 4086 2598 579 6858 9208 3663 321 7921 1791 
27 4967 1271 7611 4715 6255 3318 164 8389 5100 9375 644 8989 7696 585 1713 7630 325 8403 7446 2455 9682 823 1800 31 7852 7608 4331 
25 3353 5837 4878 2330 2459 2186 1794 3079 4487 261 9854 9173 1172 3806 5132 5695 5487 2029 5616 4041 8010 8112 652 7726 9697 
22 5482 8952 4219 6421 393 2744 4145 3320 4243 3622 4011 5730 8333 4837 1844 6855 3712 857 4411 1022 4965 496 
27 3187 8698 256 2263 8766 8957 8478 1299 2274 2260 8892 7157 7948 4779 6698 9066 5640 9985 488 2366 4968 2612 1633 7505 8637 6371 6656 
26 4611 5653 1670 7191 9956 5829 2126 930 6652 194 1708 8861 7712 6147 8373 6653 7999 1224 6759 3372 1992 3736 7 6239 415 3872 
27 2849 8903 2940 2253 3536 397 1340 1767 7374 2078 84 7525 2923 8650 3886 3043 7813 9611 6081 3526 9879 6 4381 8305 2915 1397 202 
29 820 8177 4757 61 7147 7430 4788 8834 6419 1810 2373 1622 3606 359 9833 305 3463 9560 4118 599 6004 2102 699 4326 2478 240 5787 3901 2338 
24 9581 5941 5965 5860 1414 9990 8122 7188 7838 8512 3136 947 4424 4609 6528 6568 7819 6370 6981 2065 9788 8225 2467 6216 
29 8598 4701 5349 3954 1913 6779 7988 2477 2955 8147 5291 6082 2817 4851 3674 2231 4056 1510 6514 6848 3838 754 9170 7154 9476 3311 6776 2386 75 
31 719 2381 5794 4217 7707 3412 740 6369 5739 1427 5142 3670 8665 9300 4045 4199 3978 5643 3895 6725 8113 1284 3874 3538 293 4450 192 1615 5618 1954 7215 
26 7138 6257 4068 4442 167 9571 4273 3018 6329 5781 8413 7340 3879 8015 1416 8529 7898 326 2127 6477 8742 1375 4291 451 7066 6614 
33 9392 804 3860 8399 3867 2756 82 9963 6634 308 6764 4931 4306 3835 3055 6927 8231 5848 8675 8982 8116 3327 6199 2180 1388 4462 8576 6201 2537 2170 3758 1027 7021 
29 3016 1833 7787 7475 429 7161 1055 5596 902 5900 1431 9281 8659 6457 1494 5727 6365 9616 4614 1537 8259 5494 4242 6501 5337 9143 8830 1678 119 
30 6507 9460 4807 2715 5566 357 3411 3272 2774 3480 4559 7472 6705 1908 6849 8938 2413 1052 5652 1645 9867 3142 3966 890 9657 3450 7791 7677 7319 3913 
26 5588 6557 2785 2396 7383 5368 679 3587 1007 715 4515 259 2944 1353 7763 4207 6963 4557 2702 5708 6394 748 9331 5728 1464 3810 
26 5832 8948 8207 667 1554 3898 6105 5887 1980 3863 8350 7682 6624 649 370 967 1949 5576 8079 5792 6499 7332 1655 7850 9914 1648 
28 8141 9688 910 4926 627 5901 9943 2525 6567 1754 2705 8337 1879 5006 8871 9421 6953 1632 4865 1523 1394 542 1328 632 640 5813 3421 7774 
32 9106 5334 7581 1410 6410 9719 9915 971 2334 9393 7330 7195 9821 6813 6763 855 6272 6380 2432 6758 4645 7023 9614 853 9578 8101 9610 8772 9069 8077 8037 7756 
29 3249 8364 2418 5895 7699 1659 2058 1009 1904 117 4577 1218 1000 3975 1103 7831 5662 5573 7624 7444 3521 9348 5009 4297 5795 1937 9358 2783 7688 
29 681 4989 9591 2557 3333 6509 3524 3907 158 5857 3182 550 3784 4898 1889 7056 3269 1496 716 9671 4861 9711 329 3725 1841 1474 8272 7568 9827 
26 2038 7781 9522 9052 5585 7957 5433 9107 4900 3892 9862 7560 6811 3778 2500 3054 604 3971 9144 7506 8521 9108 5538 2731 8660 6564 
33 6570 9696 9887 6265 6046 1520 4001 5228 6409 2728 1132 8655 546 9655 777 125 2666 7882 2219 803 285 1806 4670 5676 1438 9259 6289 4531 8533 9642 5609 2532 4184 
26 327 5801 1807 1024 6766 690 6572 9363 8794 4124 8214 5428 799 5994 4883 2226 52 2246 9017 3718 976 9843 5180 6366 7837 7063 
28 9351 9157 7752 4957 5910 5705 8991 8711 6036 36 2320 9917 9857 4375 1483 1914 4276 9564 3184 9901 5743 7658 5019 316 9291 1119 4345 2659 
28 701 9441 8438 4622 1210 6912 232 3103 1895 1370 9889 7522 9839 6456 8020 6337 1145 6743 6607 8034 8304 9775 3053 661 4927 453 6680 694 
31 1826 1691 4996 3126 7773 1276 5167 4015 8251 9954 2989 1423 3402 4720 2656 4379 1223 2251 6962 1058 9807 6700 3691 3977 4790 1951 6761 4026 556 7805 3227 
30 3592 9594 5077 7219 1772 4123 4084 7176 3847 2770 5084 5568 7875 353 4985 2683 7587 981 8764 7365 9473 2816 3924 8557 9205 1900 7788 9535 9330 1778 
29 7674 7704 3258 4503 4476 6322 8257 3556 2179 3167 8483 8391 5770 5691 7962 6483 9757 6768 5692 9512 8280 2503 4979 1538 8782 5466 3959 8092 7348 
28 5835 5934 9079 3405 5416 1293 2375 8249 3388 3813 360 4293 5689 9490 4713 3108 9047 1336 1757 5165 7085 5141 2443 3112 6159 1369 6843 5921 
27 4115 2711 6671 1746 3324 2195 5313 4093 8679 8076 9658 8153 1044 4090 669 6343 8705 423 4319 2962 8803 2848 2781 7806 7270 4875 5107 
29 586 2414 7539 8971 6890 1926 5460 7381 8417 5390 1610 5407 5601 161 2935 5411 9010 4488 6851 955 4812 4663 3257 8302 573 6883 6157 8768 9478 
35 3440 8579 9038 5069 6155 5116 2614 5082 2166 2918 6112 3558 8874 4579 1861 2120 9871 3241 1701 5072 3897 2108 6940 744 7963 562 3338 6108 9977 889 7738 5734 5562 6596 2480 
32 1408 4634 3051 273 5826 5654 1198 6643 6309 1836 1883 1259 8260 5137 2842 7739 6841 1169 2309 4787 7208 6685 1230 8301 315 4729 6799 1716 4984 9383 711 7272 
28 7782 7720 2554 2228 7790 1917 2318 3785 4958 9092 5259 6951 1892 1726 982 6119 2492 7783 7420 4558 217 9036 2597 6782 4702 6737 845 6787 
28 4182 4494 314 7042 2145 1236 1865 4315 5274 2281 3362 1460 9072 805 5833 9334 1451 7437 8171 8795 767 1687 9193 4664 4995 4592 2968 7907 
27 8044 1030 6152 3781 8829 4248 1283 9235 2289 409 2909 6210 5998 832 1544 3896 958 1613 6054 2733 1155 7897 5232 2779 4422 6038 4347 
28 7277 286 4122 7458 3582 2201 6427 9183 1657 6344 1290 1182 636 858 5839 8254 8996 4106 1903 6127 9521 4528 9623 1297 2732 1543 9723 3634 
33 3155 5503 7724 3844 1430 6866 190 8154 5238 4460 83 384 1934 8345 4583 6406 557 7363 3437 2888 650 9928 9171 1755 5089 8789 7987 3800 1446 8589 5365 1367 4678 
26 306 5185 3036 7149 7561 5748 8680 6276 6989 9116 4825 3061 4148 9734 3419 438 4744 1982 4075 9065 172 491 9505 5029 819 4087 
27 8078 2864 8870 3903 7543 9752 8910 1138 7800 2745 1839 9921 8089 6648 5063 4578 95 8168 101 2910 7433 1432 9637 6022 47 578 1868 
28 8858 7229 7574 450 817 2746 3118 3871 9380 420 6795 1168 741 5803 6176 9381 7126 633 2043 5393 8496 9230 8136 5381 6293 3354 5280 6142 
30 8544 2365 6699 2570 7890 4867 7022 9975 4325 7415 718 4728 2325 5579 1856 9355 386 3773 742 3768 1159 7266 5932 5629 2926 3760 7817 8640 6135 2518 
30 3873 9445 1330 8052 8237 4795 9324 8541 7401 1516 5096 3839 1467 7692 6226 1973 4389 4618 1901 6984 3689 3087 8126 1372 25 8363 4746 8582 5789 4171 
31 9601 188 7279 7728 3151 7296 6470 2722 7536 4374 7432 6780 7025 3974 4226 9923 6539 6400 7040 7314 5778 348 8467 1481 9503 4270 8845 6988 6435 2530 8879 
23 3216 6796 1675 2841 6822 760 3299 3565 7328 140 916 6208 407 1195 1625 6140 2461 8075 9201 5091 5569 2268 2504 
24 3491 275 534 7698 4250 9184 7390 5023 2062 7846 2893 2982 6448 1376 3261 6307 2688 9639 433 9950 6717 6573 8105 9600 
33 1579 6956 6214 4909 434 2049 5726 5619 2687 5570 2595 8067 1564 1003 4081 559 8990 5081 2663 6724 8495 2941 7504 725 988 2566 7972 1428 2189 8928 4897 7947 2507 
28 4523 3756 846 5209 4535 4249 1260 2801 5353 4545 5028 5366 5404 4823 2790 1661 3026 4080 4321 535 5807 4445 6661 2718 4895 1211 6969 7234 
31 4119 9538 2069 3519 6374 2013 4587 3755 5670 6538 2919 4262 8437 3721 6298 7012 2581 6924 4202 7373 6525 6645 7274 8449 7461 3649 5559 2008 9580 2016 7555 
30 2586 7545 476 4754 6928 3268 2966 9329 2748 7960 7316 5821 615 7753 3095 5854 3464 2739 9852 5239 5131 3052 3593 6723 8622 1374 4228 1634 8539 7936 
28 9180 1377 7011 3396 6985 1342 5911 5071 7091 2891 2826 7404 7509 9455 1461 4538 3056 6827 9644 129 5873 8747 8306 717 1473 7841 1864 7887 
25 3831 5889 1909 6234 2555 9462 473 6944 2457 4021 8976 8094 6892 965 183 9528 7168 2831 1041 3578 4593 5527 5926 3422 9212 
29 3766 6154 3534 6765 3064 6718 6007 7489 8398 5502 8668 5964 1459 3393 4368 7265 611 6106 8720 5212 3666 8809 9472 4265 9181 3936 1295 6587 582 
31 1813 5233 9075 1700 294 365 4377 3427 7304 5035 8815 258 6368 382 4421 2692 2792 2700 7350 342 1356 9744 9631 7228 2706 2616 8619 764 3188 9204 969 
27 3709 4944 5115 8872 6844 8594 3040 2021 4385 431 1692 4679 9704 6882 7150 475 4125 6009 8847 7143 1652 1884 8729 4255 5231 5002 9969 
29 1999 1364 4239 6677 3091 0 1821 1555 3313 5350 584 5281 3812 32 1552 1876 7737 263 1033 8291 1733 867 7250 4210 9221 3946 621 4643 6625 
30 3922 2163 4338 6258 7323 4636 5714 2637 6744 9362 5105 5975 3105 8813 8509 7099 9344 7615 8276 5422 2449 9656 6019 5788 3165 8632 1287 852 3218 5320 
25 577 5241 9899 5 3667 6167 4117 2280 257 5304 2859 9256 7431 2315 7994 5655 3900 2159 7714 2953 1404 9778 7029 869 2980 
31 8786 7216 5153 1558 5522 3326 3904 8377 5403 3379 4921 3191 2946 2900 8334 278 5373 4109 8288 2945 3125 1201 5264 1110 3447 3588 4840 2902 9645 6639 8909 
30 6042 4260 7186 9951 5997 3150 1257 4221 3854 3340 868 911 4612 3360 8864 5443 8759 2740 4103 444 307 5605 1116 3189 2764 8962 149 6013 9452 8180 
27 7653 5008 9635 1442 9095 2106 3479 1253 4575 1620 110 4833 4440 76 2743 2287 6396 9156 6957 3561 5016 1237 5985 8596 1672 6235 3570 
27 8424 9202 6655 1964 5868 8410 3984 5278 2286 3794 2076 2316 8109 5565 414 9266 772 6896 9926 6071 9684 2529 1974 3237 6415 7004 1484 
21 3875 8267 1140 7232 163 8454 9186 2947 5592 1002 8824 5761 2324 5076 6124 7495 5961 1337 8146 9748 5717 
25 526 5846 5564 6482 229 4627 6703 6752 5168 8477 7847 2124 6114 1146 5540 3213 7189 72 4899 4285 6805 8188 6011 3092 4881 
27 1808 1040 5129 9033 4104 5759 3430 9808 4095 3608 3846 7308 9118 210 3853 2979 9011 3820 6443 7685 9102 3023 1790 9034 9579 8945 9958 
30 9413 128 9836 4355 3049 1160 4642 7993 9260 392 3506 7824 9750 394 1147 4317 449 3567 6120 8703 1026 6031 6467 6631 7121 2737 1323 9802 2678 4576 
28 5014 7179 7969 6790 9096 7158 1282 7840 5802 9818 8191 3453 2576 5135 2527 1047 8984 8525 6381 1945 3980 7452 5225 3998 4020 77 4352 6279 
26 42 5645 8205 3316 3557 7668 1487 6522 4017 4446 8206 2629 3194 2184 6063 4167 9823 1383 5154 4305 4770 7113 7583 8376 8070 6546 
29 1717 6980 4458 676 7625 5052 7598 3882 4025 1120 9368 564 6213 4603 4617 5095 6714 6712 3276 3445 154 3413 2579 37 7396 5907 4998 6017 9255 
30 9168 7639 6931 1037 7109 3731 4298 6312 9499 1749 6318 5817 5330 1783 6438 9098 2164 8452 5203 7686 2621 3022 9074 2691 6169 9991 8501 371 8443 7534 
27 8220 1831 698 498 7331 2048 4933 7361 4004 9035 7802 9222 58 7044 3799 9426 7079 3822 6023 4102 3626 4108 3014 806 7930 3719 3555 
30 9049 3384 94 8170 6889 9751 5658 8462 9803 8793 8486 1360 5951 822 1214 3246 1294 693 1391 9262 1732 3031 2490 1528 4024 3613 4741 6181 3161 2157 
23 3387 5966 1124 7621 499 6562 313 2097 778 5367 2759 3514 2753 3602 7808 6476 6193 7211 5735 3842 5285 6149 7820 
26 7418 8134 9352 7579 1575 6049 8718 8912 3742 2412 9081 4748 8124 6726 4570 9717 4299 3007 3342 5663 8716 6688 8712 8317 5635 655 
24 9159 1060 1067 3260 6123 209 9339 6138 2610 8145 1176 918 96 1341 8379 4731 7565 7862 8157 9686 6490 2213 511 3143 
24 4078 5475 5263 5148 706 5499 8239 4205 7024 9835 7645 3356 1721 7310 1511 4752 3475 4308 3223 9335 5711 3607 9296 8351 
32 175 8654 8678 6150 6445 1025 5883 2908 3100 1304 6225 4147 1249 1439 8295 8210 1346 9779 2271 246 6934 2605 7562 3823 2117 2553 1718 4884 1509 5948 265 7264 
24 6423 9257 9304 2736 9772 813 2410 1174 9425 1694 8628 8899 1352 1482 6462 6930 2407 1582 3809 4816 3627 2214 6513 900 
27 8995 2086 766 7871 540 2053 9395 6300 7776 9497 7990 178 1706 9424 6104 2174 5927 5087 7736 506 9602 1811 7517 6008 6397 6542 3375 
25 207 5197 5171 7607 4597 5376 3234 7767 9187 2033 6044 2220 9197 1495 8186 6863 7762 4491 269 7169 3947 2269 41 2493 4901 
31 4935 9360 626 1339 1051 9612 215 3881 771 9851 4736 4062 4774 8859 1319 8007 5220 6048 4815 5741 3569 4846 7226 1384 9849 6086 7705 677 6633 561 1738 
29 9014 9740 8523 4951 8513 350 9130 6516 1462 6618 5163 7592 4831 8894 3797 2495 7247 1553 7075 86 2256 3891 875 9105 8664 8738 5624 7970 2925 
30 2851 2766 5613 9037 8120 2860 3716 2710 8737 8328 5369 5879 5749 9993 8552 225 9877 7218 4847 7573 4301 4142 9013 1005 6317 1305 2567 3962 5621 7747 
27 102 5595 3119 7120 5696 9258 7878 7981 356 3825 4376 6915 5450 920 5924 4043 7635 2861 4022 2421 880 7857 1470 3072 5591 7697 4690 
30 78 625 2583 7230 504 6580 7412 6874 6553 3545 878 292 1771 2187 8497 1581 536 6336 3549 1334 6401 7827 8853 3426 2405 2812 8081 5398 5361 503 
33 4768 5939 7015 5537 780 9678 6125 4903 8518 8588 4726 7706 7554 6187 8279 4448 7307 8158 6058 3414 3012 5283 3200 8202 5445 6838 8002 5882 4197 6161 9918 9838 7527 
26 7584 2496 3640 5612 3009 8320 7379 5176 4190 7078 1096 2590 9249 1126 922 3920 7206 8491 4451 8825 5452 1997 5615 3938 6303 9607 
26 9888 3179 726 9891 3367 6794 8375 3348 7111 685 620 2763 7429 2577 8148 2727 5464 4572 5563 160 6769 9082 8567 940 7362 7649 
26 9435 5952 1205 4917 3735 5797 236 939 380 266 995 7400 237 7557 4146 8370 3204 4826 1332 9364 9342 5196 4682 9023 5844 419 
25 2209 1752 5944 2876 9428 4573 5022 8897 9848 2707 2943 3584 4074 5067 5758 5001 5419 1970 7904 8065 9620 1786 6503 9869 2155 
27 1574 4759 4765 7864 9286 629 5916 4394 2313 8150 3553 7300 2973 7058 9673 1057 2087 6691 3739 6316 7128 5946 2510 3328 8891 7885 6732 
23 4189 2765 7636 4151 6262 311 1797 7727 8661 4743 9552 9513 3085 7479 3252 6662 8739 3841 4042 7858 2306 447 6065 
29 8946 1415 1556 89 4009 1689 9622 5439 9203 3280 4383 1870 7035 713 1122 6991 8196 8396 7510 3244 6270 797 349 6339 7617 1967 340 5470 9154 
28 934 3877 4501 5324 3914 2506 5423 1674 800 135 9593 3834 7532 1621 3389 5982 226 2227 7550 8181 6840 7490 8247 8792 4540 5915 4254 3232 
34 7426 6683 5583 4067 6168 7416 7485 738 2838 2591 9078 6854 5843 2931 9812 2116 909 3828 4633 9729 7155 1656 8868 3690 9386 6923 8430 1311 6431 8672 2627 9113 4256 4275 
31 9189 8299 1595 7343 6117 7144 6551 3297 5424 3654 1020 9093 4882 2044 1144 8371 680 9290 7159 7273 6288 9316 5194 1200 1843 4912 2025 121 1327 4747 1637 
26 1141 5370 1348 2604 4607 5144 541 7660 7755 7097 4489 3277 9311 1094 7558 5541 5331 5773 7041 8361 8287 978 509 9613 6074 1350 
22 6229 4949 544 2037 2051 7603 515 4722 4116 6331 1228 781 4546 1401 66 5884 2827 6903 7717 9679 287 3918 
25 3153 5030 1359 6402 2293 2323 4858 5235 3925 7423 249 7005 8630 4213 1598 5242 7964 4211 1072 3135 4367 4936 2444 9431 8392 
31 4466 7511 7487 6062 9632 4480 2430 4156 3242 9533 3532 5904 1867 6098 9628 1972 580 1457 5026 4244 5614 8082 4868 7285 7797 9313 6774 8902 235 2311 3474 
27 4052 1925 6864 2767 8277 1542 185 3185 1118 991 8047 3434 9906 1829 2615 9712 6629 7750 7410 8800 9493 6089 3478 5582 6704 9100 7460 
28 1048 2146 8657 1148 3278 5534 3707 791 8798 3090 3912 7876 7387 8536 9672 5230 2342 7200 7836 3885 1729 9199 4920 4463 9924 2776 8585 8670 
27 2805 8502 1424 281 8797 9816 6411 1730 9006 9012 8616 1650 8446 2551 5646 8401 840 8331 9016 7507 8405 9379 7868 6972 5317 1690 6588 
29 3423 9826 9506 4870 3950 7436 2920 7338 9949 290 2513 4591 1405 4919 3175 9325 1173 6967 6736 2023 3933 520 3699 5575 3438 7810 7741 6821 8816 
29 6950 4088 3518 4716 147 1593 425 1872 2028 8245 6976 7596 1244 5905 1188 6696 4839 2341 5816 6527 8021 2210 1827 464 9667 8846 9774 1991 224 
28 5919 8561 5383 7235 5669 6283 8178 9986 7651 6862 6378 1091 2165 99 4955 5484 211 2128 2650 5754 401 7269 728 4121 4039 79 2345 9941 
31 1572 2890 1818 1862 3476 2479 9640 9242 8093 3486 7869 3743 8666 5152 4756 7626 2411 4475 8524 2361 4971 9374 8433 2285 1834 6136 9767 7470 3107 5065 9895 
30 6392 4246 8143 2003 6351 7667 5525 9477 6295 4229 8466 3262 1045 6238 2977 9681 1654 4191 5733 8973 6589 9715 8929 9813 4993 4061 8987 8298 8240 4539 
24 4960 3210 6959 7295 4718 9437 6800 228 9287 1968 3677 3013 1073 705 829 4668 4225 1107 7594 2302 1378 378 6094 3530 
20 8097 8590 8851 8273 2352 7872 1433 51 8617 3392 403 9464 3525 9587 1164 137 6569 2505 4235 9138 
29 9371 8504 9755 1809 3347 3804 8741 901 6740 1693 168 8857 6719 4943 3271 3961 9419 8269 3880 3089 4725 6259 8014 2483 8043 9045 5736 3403 3708 
33 1769 1143 23 446 9811 4983 5229 8727 9892 3934 1064 4562 5490 2255 2606 4215 6873 1382 938 418 5651 5799 9401 935 3294 4296 1869 3727 7094 3457 4339 5561 7492 
25 152 1491 3417 8746 4799 4334 4869 3094 8149 7491 6439 4893 9758 4982 3221 5599 262 6783 4954 9293 8270 1106 2587 6576 8618 
32 660 1704 8481 3295 238 7185 8831 174 1609 4370 2867 6574 2382 8752 3685 914 7124 3641 8866 4399 6894 284 5824 1586 2667 5633 7214 2959 9987 4135 4063 7162 
26 6808 816 9366 2469 8820 555 8790 4263 1671 1852 9526 545 8691 7130 9507 4310 5617 8367 6035 9132 7954 6659 1978 4820 1533 4625 
34 4071 5325 4238 6382 2633 9777 6267 3741 6328 1219 7038 9317 7291 4028 7830 7459 4723 9609 4373 8319 5899 5098 5139 8 4928 1157 7454 8393 4908 3848 8994 6002 9423 8932 
30 6424 8472 3972 6748 1390 3680 9955 2499 6162 8325 9029 3849 895 4845 8498 1611 6326 812 4604 9237 6132 6109 1447 7523 197 7152 5430 5928 1911 6202 
34 5057 3288 5740 3373 2815 8954 2642 4387 9044 1307 2230 8760 1647 4092 6182 9902 7859 48 1456 1013 2684 490 9085 5641 1475 3070 752 6076 6713 2393 6921 1010 2059 6179 
30 1587 5955 2793 5310 1465 684 6731 385 7317 7409 38 7811 9728 2017 3944 2970 9050 775 9103 8480 591 6458 6592 614 4999 6251 6153 4683 9188 8629 
25 5046 3665 5134 1758 5796 8285 9585 5296 4758 7105 4130 5442 3730 7344 1114 222 6387 631 9009 5866 3688 2703 9152 4963 1445 
29 8849 3025 3693 9251 8049 721 3644 2310 5757 6084 7243 9502 6728 8762 8242 5174 248 3976 4464 8704 5620 1234 7193 366 4468 6920 1071 6947 3444 
30 9111 8085 4662 9447 6871 9382 5896 8368 2450 9231 2558 6893 9127 3456 55 1761 5379 4340 5627 912 8997 3097 5363 9402 459 9978 547 8060 1801 9860 
27 6197 8339 4751 1737 979 2295 3625 3770 7765 3228 3515 4430 603 9716 8221 6334 5357 4372 6529 7198 5888 3307 9450 859 65 2807 7559 
29 13 2795 2971 3164 6859 6186 6296 1039 8602 5647 4519 5124 8734 6908 2682 9299 169 9276 5199 4070 4357 9965 5995 8951 6911 5812 3138 5953 5987 
36 4764 8644 9662 5213 6363 8261 2395 6280 7526 6212 789 3254 5121 3546 8296 7549 8761 270 1536 3960 5043 2592 3566 6834 8998 6548 7512 2964 8810 3988 9320 8743 4268 7165 124 2084 
28 7937 9743 191 2858 4 949 9182 9798 5597 4344 4749 9367 2464 3073 2181 9730 8817 7814 3861 5589 3706 9020 9576 166 5543 8978 9404 98 
36 9714 7175 6245 8592 2305 1608 7116 3266 610 2531 5223 3905 7661 4163 6918 4290 8335 9216 5808 7276 8475 9264 9471 2113 3788 5469 5449 4000 1669 6053 9253 6709 6305 1550 9403 6730 
30 4974 7606 2000 7335 5333 9273 6815 3949 4828 1888 7703 5397 5578 7068 567 6375 7515 9525 7832 4972 162 2162 8088 3752 218 2862 8218 1638 5473 6207 
31 3590 9194 4390 2005 1278 6767 2129 9583 9451 6472 9973 5550 8722 2761 6100 1664 7196 4059 7425 4359 8822 2787 469 9004 8706 1449 4615 3710 3979 9650 3504 
29 602 4469 8934 9227 2350 3122 8266 1300 6286 8469 3648 4064 1303 5219 1418 4855 5978 14 303 7133 3999 3497 8456 4721 2533 6929 5667 5851 4916 
27 9321 1938 4474 1192 6925 8615 768 2622 3619 9457 9690 8347 5441 3096 3102 6204 6649 8684 1335 1722 5902 4848 3066 856 6495 8416 7294 
29 4141 687 5528 9459 9804 5448 1412 5587 2613 6015 1158 1709 5106 1371 7072 406 1070 4819 3790 463 7786 1570 9652 5408 5215 7900 2829 6217 9527 
26 7576 957 5984 5031 8234 919 4639 3803 2846 3678 1189 8189 3382 4434 2485 2806 1910 7716 8071 9859 5657 8100 8011 4940 2494 3399 
31 570 9417 8227 8717 2141 5598 4408 941 3604 8004 5384 8253 6585 2019 7612 4551 9595 7069 6315 3737 8839 8692 827 29 7977 6141 6932 6762 9995 8314 2994 
29 962 9446 7694 8118 7449 3177 2358 35 4134 2601 6711 8677 2647 5488 865 2882 2951 8804 8947 4606 1208 2619 732 4407 9863 5276 936 5481 8096 
27 7883 1817 3775 1113 3598 1220 5949 4472 8914 7942 8562 6773 4179 9278 4637 274 3837 3109 9749 165 5892 6158 7998 5725 8916 6952 1793 
28 4065 7096 9699 8625 3259 1515 7896 8040 2052 310 239 5306 866 7102 6220 1886 5841 913 3935 8748 2729 2896 3948 9698 9586 1255 9968 5823 
30 5465 1768 2169 9937 4302 435 1541 1028 1074 4223 5018 3629 2837 7013 2658 1906 3253 7943 7070 4233 7311 7140 4012 3374 8788 8527 5805 7789 4956 3876 
27 7633 2442 5476 4195 1093 899 5639 6535 3637 2725 6820 7935 5451 9060 6321 8773 9480 9088 2742 4220 3309 2437 8203 517 2904 6269 7368 
24 7662 5557 6729 227 1863 9549 3573 2266 871 2522 3035 2833 6904 5295 6792 9269 8354 4209 6593 8174 566 6028 9873 4014 
24 8099 4392 487 8936 5005 9909 1944 2624 4241 203 9466 8925 8926 9295 2173 179 959 9318 9608 44 7223 7934 7341 5738 
34 9488 159 4433 8073 5516 9761 5210 3439 7931 5012 8988 9815 3548 1695 1642 2204 8378 9252 2949 9630 2133 9518 5047 4253 6641 9210 3498 7666 7453 2927 3197 6974 9163 4644 
28 4753 6785 49 7982 4966 6504 9494 1996 9762 6847 6914 4002 7258 7033 9323 4740 1 9626 2974 8457 4859 9301 1546 8695 6532 9828 8574 5779 
28 7914 929 7566 328 7689 5461 9627 6868 3722 2337 8876 3675 5222 2547 8294 5701 1796 8901 9122 8702 9083 9566 7920 8209 6702 4360 8484 2134 
29 8346 4091 8439 8966 8500 9745 4396 4818 7958 4132 6544 3461 8362 7564 2445 3408 6900 46 2347 1501 1443 9557 1576 1765 9927 2400 5374 1946 5690 
24 7148 3551 5377 5318 7870 8968 1368 5146 597 2735 3603 9332 9365 1063 8028 4541 1565 3597 9176 6602 2211 8164 2786 5991 
30 3363 8453 4066 9470 5456 9629 9121 8264 1725 7784 7036 3407 9179 1097 6996 1530 4365 7758 6807 9875 6165 9275 6801 1031 2177 1957 2261 860 5432 5674 
29 4322 9440 3929 1531 3987 6005 9961 8553 5301 6364 9952 7860 3894 8780 5594 583 9647 6739 244 5625 1324 1953 6517 2856 1583 8058 7090 824 2719 
31 7427 1387 1425 1924 9073 9625 2468 4550 8812 9338 323 7305 54 9372 9792 568 3137 4328 9297 756 759 9530 2997 2277 3624 298 113 7730 2828 7938 2215 
28 4804 3075 3209 9117 1066 5632 171 7464 6359 841 468 8258 3435 3759 4862 6433 2327 3378 3852 4806 1775 6420 1878 2063 9878 2572 4526 3642 
27 5777 6347 8356 4186 7721 2018 4478 4521 4638 9545 1085 709 1135 7556 1736 471 3754 5271 3206 4013 8427 2884 6408 3083 2594 7533 3116 
34 746 3181 3659 931 9097 589 4350 7675 9491 3887 4652 3398 4040 5279 7377 8538 3415 3983 9214 9077 9551 9783 6219 9519 4709 4755 5518 1628 5234 894 5459 3816 5960 2936 
34 4852 9031 3772 5675 1059 3757 8937 9467 2541 9314 8123 7462 3298 6354 8604 7884 3446 3063 5378 1469 4800 4780 8198 3732 5871 3843 9146 5785 8169 2294 5386 1105 9643 7417 
26 654 6151 2482 6620 3442 7408 2609 9781 8974 5983 8106 5974 3543 1853 9390 2278 6530 8837 8921 1180 9539 607 6222 1361 5092 4775 
24 138 4169 4784 9241 6616 6686 8828 8042 59 4684 2389 5427 5477 7795 1403 4704 1296 206 6335 4196 8979 467 8470 9799 
27 1965 688 2874 8431 8204 9147 6221 9350 8645 7693 4272 9793 710 2671 9598 1117 5340 7003 3217 5979 1979 7892 9948 8823 1486 7593 6014 
27 9543 1191 9646 1560 7679 2027 1435 3146 8284 1262 5720 8051 8029 7103 5572 279 3965 8531 5184 1518 4517 624 2789 4353 3472 7471 7722 
30 1577 5973 8565 2304 7992 5348 8620 6919 7670 5530 872 1524 3502 6418 4332 3344 4656 7438 1338 483 3600 8923 963 3995 6209 3351 2938 390 4516 4915 
31 8057 7205 8434 9966 8714 7299 7356 926 7745 4292 6707 9434 1314 9326 1840 6617 4555 247 4763 4886 495 9649 2199 6478 8685 714 6059 4518 5372 362 1766 
32 9988 7132 3235 1036 4050 7986 4286 9489 6099 4672 4083 3086 4691 8573 7785 4294 6253 643 5577 9683 5252 7961 2473 3485 272 9265 7137 5341 8219 2514 5774 1315 
32 2265 4349 612 548 9128 8381 9648 2303 3683 5059 4665 5480 5661 4930 6836 2369 5299 3470 4027 2290 5272 9709 1803 4216 8785 9550 1966 7220 9025 2385 953 2668 
34 1386 5524 3503 8969 1590 5244 6481 5478 9565 1932 6971 2511 7334 2897 9411 5048 5191 5943 1567 8414 3046 5554 1591 7497 5765 3154 7360 1347 5864 9285 7107 3148 341 2103 
30 1109 3361 5136 1139 3306 4227 5744 8494 7347 3203 9059 1083 5420 609 3695 6134 7385 3552 1584 3945 7571 3270 8127 18 3208 2257 9947 574 3381 8696 
29 2378 994 1247 336 3679 7516 6563 53 1243 6215 5838 8238 4401 1920 3199 5752 6362 2312 7333 6949 5893 4563 1018 3483 8516 2716 2273 4037 5269 
28 3123 2830 2156 8730 9361 8778 7151 309 4082 5218 9898 5878 6584 7455 7812 7108 2818 2546 8707 5335 9834 6636 5017 2264 2911 6264 7153 7540 
28 2672 5703 1539 5865 9806 4834 5867 5170 383 3176 7122 9677 331 1952 4829 6166 3574 595 3973 2958 4234 5872 8940 9582 7192 7801 8216 3748 
32 5500 8492 2512 9123 1178 4697 6753 1521 7467 975 7163 4079 4785 413 9500 5440 7766 527 729 2300 2821 3824 5463 9846 9432 4675 8408 3713 1209 8776 2814 7456 
24 2417 4049 8607 5336 5914 8906 3744 91 6218 689 7743 1915 2066 7290 8550 6521 1702 9920 9000 8635 8838 9865 4827 2288 
27 8709 5886 3149 2526 7974 5010 3500 6233 6586 4873 3893 4813 1054 903 904 9405 2602 5468 1940 9234 4620 4155 9524 1279 253 8893 3334 
27 5062 8961 9913 4170 3762 8701 1760 3205 8460 2176 1792 5793 2040 3290 6701 2372 8960 7975 7325 5684 7602 8197 7508 2834 7804 2670 5007 
32 1641 8896 1893 3656 1100 4739 7865 1639 319 4874 1089 4101 2825 8605 4992 6735 2225 5409 3639 7081 1231 2460 8312 9271 1658 312 2072 2250 6447 7123 1001 277 
29 8551 8546 3104 7494 9606 1250 3283 8634 7393 2853 200 465 8369 6025 2657 7146 9668 6223 2653 3433 658 8806 7287 5173 4619 8024 8187 9724 5638 
25 4077 7251 2472 9754 1795 1042 1998 2415 1206 5198 3807 9931 6611 3409 6760 3638 97 776 6034 3864 5221 3996 9517 1540 9481 
32 7324 2550 9568 7496 5511 9408 1049 5086 9540 7691 320 7392 4348 7045 525 70 4952 7588 3401 2206 6850 7823 8156 1619 1902 8104 5294 641 1150 7903 6650 8636 
28 4398 3169 6475 4386 2101 6452 8609 6057 2247 1121 5856 3131 924 2645 2617 1413 8200 2690 6789 3466 5288 3617 9306 809 3909 1263 2985 6055 
30 666 5147 6982 6294 7575 343 675 3520 4341 2788 9376 4281 4284 3251 4161 5606 2564 3473 6775 7640 945 2190 5120 1995 581 8750 3668 9573 8548 2901 
28 3511 9498 1779 4415 3050 4514 674 8292 4997 9087 9809 8185 639 7893 3616 2975 7083 4711 7391 1129 2282 9032 7463 2571 6311 6404 8753 6091 
27 3815 7329 1631 1095 5177 6550 7709 6183 223 5080 153 815 8999 3535 2229 8563 9125 7034 2865 6797 2885 1762 8731 8062 3059 6804 7326 
27 6603 7115 3866 9120 1133 4096 2762 3195 9660 2243 972 9979 7531 2080 143 1866 2972 7292 3776 5923 201 5328 10 4646 4437 9544 3767 
32 2182 280 702 3560 879 8050 3489 8000 6666 7503 7059 5108 8038 9844 2151 3927 5236 7570 1246 5099 2628 1455 7902 2160 9198 948 2248 3717 7261 6332 9192 85 
31 4760 7256 9246 5097 1956 8297 8919 1756 8751 7842 43 2937 4527 734 391 5584 4168 5768 8621 335 4654 2696 1814 4176 826 9124 8018 1916 1559 2585 1773 
30 445 330 69 16 3323 593 1604 3703 9223 5875 8581 5090 3364 5412 8832 8448 4295 2811 4160 3942 917 999 4648 5853 8357 5981 3196 7926 7908 2611 
30 7828 3171 2836 1422 4910 1076 216 996 106 4880 4889 7062 2474 6993 8883 6670 514 8461 1624 9226 9114 4403 7252 5515 6832 2712 2357 8151 1551 849 
28 3236 6461 1983 9621 2747 4628 7944 720 5119 4497 9651 5820 3152 5056 613 2726 5977 2871 9341 5364 7204 2883 5686 6867 796 1399 2249 2681 
32 9282 9957 3312 2244 7742 678 3186 9546 2232 4457 1256 7032 6460 7740 3801 9430 8867 7236 2929 3222 5267 122 3738 8863 9691 8388 1930 251 7542 1881 6266 6663 
30 9925 2524 3643 4327 5258 2036 1787 4307 4231 1194 5074 1545 9919 6145 2520 4423 5202 379 1789 1780 2026 2022 2515 8428 2046 4138 4762 145 7772 9418 
25 4473 377 8152 8875 3462 9397 5251 5610 9989 743 8638 1630 5073 1498 8610 2419 2754 5362 4208 3726 6694 6534 486 4695 3279 
26 5798 4794 9385 291 3836 5166 4969 6750 7816 2857 6345 8560 7681 7546 9726 8608 5094 5004 5172 8922 4409 3510 9962 5747 6498 977 
31 9215 1130 1186 4769 3763 7769 3225 5406 4247 7955 3286 2153 6429 3010 3132 1171 6895 3684 8190 6884 7141 6571 6642 1274 8179 2559 8935 3168 4461 1185 5486 
27 6669 1942 8406 4318 5151 908 5138 5401 4520 6651 8844 6721 1458 7018 6644 7888 2697 2886 8869 1077 7469 1202 1527 6916 3958 7839 5033 
28 2993 3632 457 7020 6995 2221 6500 3669 2433 4444 219 9970 2913 8775 3585 8329 2508 4010 1101 864 5321 5715 7339 8243 9912 4872 5054 8631 
25 7995 6770 5462 906 6341 1411 8700 5314 3494 4906 9458 337 3888 8975 381 6505 5745 2035 4569 3352 1115 4590 8514 4708 7996 
24 6845 2335 8833 1380 3238 5683 3420 9178 2802 67 5909 213 9876 5642 8217 8587 9946 9319 6465 3424 7280 3024 8583 7911 
34 1472 4397 3911 6003 60 7715 5188 8463 2679 7629 7815 1688 2370 2355 5118 1056 5504 4157 2741 733 6170 4482 4742 6788 1605 9541 7073 485 7968 3308 3404 2075 4923 3006 
34 9155 8669 2813 1175 5308 8526 7054 8641 9274 7614 452 5818 2463 5027 2077 4727 2245 887 801 2402 774 8570 5145 114 7799 8510 1728 2398 9705 7951 6755 8402 4712 6906 
33 3256 8039 7448 5908 2578 3267 6826 8791 7278 8687 2071 4822 6552 1489 9261 3441 1662 8732 9040 9427 3293 1720 6195 4991 7434 2383 2618 2942 6667 8941 7399 4871 6627 
24 3145 8383 810 1407 5881 1890 3292 513 5303 9885 532 3982 8426 1046 3662 7676 1366 9944 6126 5380 3527 3734 3468 8887 
27 993 3562 4447 4543 5247 2930 8970 2674 9725 8642 9308 8689 301 7949 57 3287 3047 5186 6875 7372 9722 4426 5660 501 966 1212 8799 
28 9340 3782 7173 6493 1123 2992 5157 2136 8840 6690 8808 8721 6388 9008 318 618 8056 6558 136 9468 9569 2991 7595 9041 4698 769 5513 8307 
24 558 9718 3991 7014 3005 5968 4567 33 1306 5976 7473 8623 1988 3134 6414 388 5399 9294 8030 6560 3661 1601 4605 9346 
28 2452 3240 7030 8026 2399 8765 489 8532 1012 7916 5068 8159 3174 1261 9359 2757 9046 8420 8271 7582 7057 2074 4850 2866 2907 9841 3080 3595 
31 671 9336 874 3620 6876 2569 3541 1485 1549 1419 642 116 3303 6757 6742 6861 6045 6839 1400 6196 3358 5437 7019 5571 6324 9134 3653 4866 5208 2497 5723 
27 4661 1512 7395 1976 7177 4393 5360 62 6393 2039 5322 8455 8686 5800 4240 8139 9487 9239 3564 668 2317 7440 3098 730 6506 1697 6835 
28 4616 3492 9868 8586 8053 8693 4948 3783 4358 9289 3110 1436 4425 339 6591 3753 3129 5755 6039 4595 7956 2934 4150 7923 5548 7008 3957 1653 
23 2636 2090 2777 8540 208 5742 888 9737 6609 71 7725 9119 6628 8023 3915 1463 2588 8770 4631 9710 9347 9829 4585 
34 7822 1896 3701 2933 8890 4152 289 8924 9394 6747 4185 3304 3481 6256 1557 5497 7701 1774 6450 2125 3343 3928 4054 5630 2196 4613 3859 4811 9474 2544 9438 1928 9109 5885 
27 395 4660 1197 6727 1149 230 9420 7275 6999 428 8255 4420 8578 1616 505 2307 5498 7241 3787 9972 2454 6260 480 3226 5050 7886 5211 
28 8407 7222 3471 7309 2664 1898 6615 7483 1676 8877 907 2056 2560 234 645 4470 6938 2362 8473 9206 723 8485 7713 6327 205 3008 5877 9558 
31 9872 1599 4303 9695 7529 3612 1644 1239 9537 7605 6979 8025 6357 881 1163 5890 412 376 5114 6432 2379 1640 4499 3296 3032 3591 7498 9572 7125 617 4771 
29 6190 6640 7922 2906 9484 2677 5580 8036 3908 7336 1919 3284 6060 9588 4492 7500 4534 8537 8098 7548 9449 5088 6899 5560 516 6881 4674 2349 5284 
29 2823 9960 9200 432 8584 7915 3429 6697 1309 1292 6024 6338 2798 8425 5957 9345 4911 508 7398 6825 6290 7342 8117 1288 4714 5204 5392 7364 7690 
26 5552 7613 182 2963 4181 4137 5969 3166 3986 5083 8591 5664 4761 7172 3805 5246 761 3357 6095 410 7530 9377 5677 6308 9971 283 
29 1753 4107 8850 8130 8327 9980 2439 6446 7405 8316 2068 7037 4533 9303 863 7088 492 2200 1216 8612 5814 7197 2978 983 9805 6012 2123 1268 2791 
26 6638 6992 9930 1421 9708 2218 2409 739 8262 9056 7761 7355 6486 8489 6306 1351 5060 7825 3365 346 7301 5819 5918 4793 8114 1289 
30 8595 8710 9797 9520 9856 1322 5510 1301 6171 3273 6206 2171 512 7778 5040 17 1931 1190 4513 4333 5710 6281 2778 787 2093 4346 2143 9161 3529 5193 
33 2652 528 6778 9515 5542 2782 9272 8572 5396 794 6630 3144 7906 8967 5289 1280 7298 6426 9617 1927 3113 424 4653 4853 6733 8852 8802 1682 3057 3985 2099 4364 1993 
29 3233 6897 5195 130 6459 1715 6746 4673 8322 8476 2183 7082 8931 9007 7001 1452 9666 6492 5248 4261 7283 1476 9840 9433 1281 1393 5678 3349 8805 
25 3902 3827 7047 4808 1275 4655 3275 590 6128 8723 9126 3850 8862 3147 2800 131 1781 4143 2259 7547 6066 8032 12 9444 7899 
28 601 352 3383 9636 6177 6922 6566 5512 8944 7039 5611 231 4676 3512 8843 9509 8199 3428 6870 6297 8676 2356 543 898 2115 2094 1345 8964 
27 8315 8440 7358 3172 2085 795 6304 7441 9415 7835 4504 6352 5993 9002 5732 7221 7093 8340 9048 2089 9063 6751 4608 3120 4237 9866 3159 
28 9742 4632 8464 4314 2154 4950 1679 5355 5311 6191 5000 3124 6129 6228 2540 369 8534 1156 3714 9028 4154 5250 4449 828 4038 9001 8819 2436 
32 9284 596 7569 8547 3696 4252 5435 2470 1882 4110 4792 2654 9482 6115 9736 8713 6323 1977 6877 5415 608 8303 4932 1362 5286 4907 2751 8555 9713 7386 7731 4556 
29 9211 3581 3765 8286 7798 6278 6657 2673 4953 8441 4542 6188 1166 2276 673 7586 361 4522 9624 6083 6383 7971 8411 7659 7306 6943 2422 3173 7134 
26 8090 6319 5771 3350 9669 9139 6554 1854 8506 1317 2030 1589 8826 5842 7514 1213 646 7170 1153 1506 3369 2275 575 3106 9882 7207 
31 7609 8404 7394 1016 408 5126 4703 9880 4264 1548 2539 5024 3568 4277 9810 4700 3869 507 8643 672 5656 8102 5358 3542 7551 8522 5491 6823 1739 9782 1177 
29 1466 3704 7984 8566 3455 6211 3733 682 2868 6738 943 893 5189 9855 9250 6684 6502 4471 6837 1918 500 6247 9663 5709 5391 6041 7435 4707 2367 
22 8724 3878 3027 2042 5945 8006 1167 9149 1082 4689 4382 3034 4902 6050 842 6087 4245 765 8451 6828 3062 3386 
28 5354 1788 416 6463 663 8651 8442 6274 2322 7664 2050 6582 9068 1358 7271 299 9922 8161 7303 4772 142 5305 6784 9071 4354 7422 7260 6405 
29 6891 1038 34 3322 9378 7482 6016 6658 9864 3745 9733 4856 648 4696 6178 7919 5519 9483 7733 8016 9532 6131 622 9022 3943 3041 1875 8395 5517 
27 5262 3856 4717 4976 8992 3335 1420 5253 9270 7939 3121 6026 8422 8087 762 6853 5179 155 3990 2392 8955 8749 8981 7729 836 4097 3048 
37 9858 6488 1312 4994 9416 5020 5912 7201 4692 3780 2132 1519 8358 7863 2122 1320 2720 3449 6398 4177 6512 3325 6526 3263 6777 7959 4203 5544 8163 4485 876 8160 1594 2819 7089 5216 2007 
25 7735 4830 7918 6888 9175 1907 7572 80 5769 1986 5395 7288 3220 3657 2292 8758 2118 7095 4198 7293 2374 4105 3993 6029 4978 
26 3611 9589 5245 554 2012 5520 2138 1440 3192 1603 7419 1444 600 4776 5648 4493 2453 3282 7669 5025 8647 3219 4571 8895 8412 8385 
22 9890 9054 551 9785 421 2279 9407 9939 1643 7267 3819 7623 6072 2714 9929 8380 1989 7520 3214 5698 4418 697 
